2024-10-23T09:36:25.854+07:00  INFO 41030 --- [project-management] [restartedMain] c.p.p.ProjectManagementApplication       : Starting ProjectManagementApplication using Java 21.0.4 with PID 41030 (/home/tuan/Documents/Code/Java/Advanced/Spring Boot/Project-management/target/classes started by tuan in /home/tuan/Documents/Code/Java/Advanced/Spring Boot/Project-management)
2024-10-23T09:36:25.863+07:00  INFO 41030 --- [project-management] [restartedMain] c.p.p.ProjectManagementApplication       : No active profile set, falling back to 1 default profile: "default"
2024-10-23T09:36:25.934+07:00  INFO 41030 --- [project-management] [restartedMain] .e.DevToolsPropertyDefaultsPostProcessor : Devtools property defaults active! Set 'spring.devtools.add-properties' to 'false' to disable
2024-10-23T09:36:25.934+07:00  INFO 41030 --- [project-management] [restartedMain] .e.DevToolsPropertyDefaultsPostProcessor : For additional web related logging consider setting the 'logging.level.web' property to 'DEBUG'
2024-10-23T09:36:26.689+07:00  INFO 41030 --- [project-management] [restartedMain] .s.d.r.c.RepositoryConfigurationDelegate : Bootstrapping Spring Data JPA repositories in DEFAULT mode.
2024-10-23T09:36:26.716+07:00  INFO 41030 --- [project-management] [restartedMain] .s.d.r.c.RepositoryConfigurationDelegate : Finished Spring Data repository scanning in 19 ms. Found 0 JPA repository interfaces.
2024-10-23T09:36:27.345+07:00  INFO 41030 --- [project-management] [restartedMain] o.s.b.w.embedded.tomcat.TomcatWebServer  : Tomcat initialized with port 8000 (http)
2024-10-23T09:36:27.352+07:00  INFO 41030 --- [project-management] [restartedMain] o.a.catalina.core.AprLifecycleListener   : Loaded Apache Tomcat Native library [2.0.8] using APR version [1.7.5].
2024-10-23T09:36:27.358+07:00  INFO 41030 --- [project-management] [restartedMain] o.a.catalina.core.AprLifecycleListener   : OpenSSL successfully initialized [OpenSSL 3.3.2 3 Sep 2024]
2024-10-23T09:36:27.376+07:00  INFO 41030 --- [project-management] [restartedMain] o.apache.catalina.core.StandardService   : Starting service [Tomcat]
2024-10-23T09:36:27.377+07:00  INFO 41030 --- [project-management] [restartedMain] o.apache.catalina.core.StandardEngine    : Starting Servlet engine: [Apache Tomcat/10.1.30]
2024-10-23T09:36:27.450+07:00  INFO 41030 --- [project-management] [restartedMain] o.a.c.c.C.[Tomcat].[localhost].[/]       : Initializing Spring embedded WebApplicationContext
2024-10-23T09:36:27.452+07:00  INFO 41030 --- [project-management] [restartedMain] w.s.c.ServletWebServerApplicationContext : Root WebApplicationContext: initialization completed in 1516 ms
2024-10-23T09:36:27.796+07:00  INFO 41030 --- [project-management] [restartedMain] o.hibernate.jpa.internal.util.LogHelper  : HHH000204: Processing PersistenceUnitInfo [name: default]
2024-10-23T09:36:27.857+07:00  INFO 41030 --- [project-management] [restartedMain] org.hibernate.Version                    : HHH000412: Hibernate ORM core version 6.5.3.Final
2024-10-23T09:36:27.883+07:00  INFO 41030 --- [project-management] [restartedMain] o.h.c.internal.RegionFactoryInitiator    : HHH000026: Second-level cache disabled
2024-10-23T09:36:28.126+07:00  INFO 41030 --- [project-management] [restartedMain] o.s.o.j.p.SpringPersistenceUnitInfo      : No LoadTimeWeaver setup: ignoring JPA class transformer
2024-10-23T09:36:28.151+07:00  INFO 41030 --- [project-management] [restartedMain] com.zaxxer.hikari.HikariDataSource       : HikariPool-1 - Starting...
2024-10-23T09:36:28.267+07:00  INFO 41030 --- [project-management] [restartedMain] com.zaxxer.hikari.pool.HikariPool        : HikariPool-1 - Added connection org.postgresql.jdbc.PgConnection@61a77c16
2024-10-23T09:36:28.268+07:00  INFO 41030 --- [project-management] [restartedMain] com.zaxxer.hikari.HikariDataSource       : HikariPool-1 - Start completed.
2024-10-23T09:36:28.299+07:00  WARN 41030 --- [project-management] [restartedMain] org.hibernate.orm.deprecation            : HHH90000025: PostgreSQLDialect does not need to be specified explicitly using 'hibernate.dialect' (remove the property setting and it will be selected by default)
2024-10-23T09:36:28.601+07:00  INFO 41030 --- [project-management] [restartedMain] o.h.e.t.j.p.i.JtaPlatformInitiator       : HHH000489: No JTA platform available (set 'hibernate.transaction.jta.platform' to enable JTA platform integration)
2024-10-23T09:36:28.610+07:00  INFO 41030 --- [project-management] [restartedMain] j.LocalContainerEntityManagerFactoryBean : Initialized JPA EntityManagerFactory for persistence unit 'default'
2024-10-23T09:36:28.622+07:00  INFO 41030 --- [project-management] [restartedMain] startup-reset                            : Application restarted, clearing old logs.
2024-10-23T09:36:28.709+07:00  WARN 41030 --- [project-management] [restartedMain] JpaBaseConfiguration$JpaWebConfiguration : spring.jpa.open-in-view is enabled by default. Therefore, database queries may be performed during view rendering. Explicitly configure spring.jpa.open-in-view to disable this warning
2024-10-23T09:36:28.759+07:00  INFO 41030 --- [project-management] [restartedMain] r$InitializeUserDetailsManagerConfigurer : Global AuthenticationManager configured with UserDetailsService bean with name userDetailsService
2024-10-23T09:36:29.057+07:00 DEBUG 41030 --- [project-management] [restartedMain] o.s.s.web.DefaultSecurityFilterChain     : Will secure any request with filters: DisableEncodeUrlFilter, WebAsyncManagerIntegrationFilter, SecurityContextHolderFilter, HeaderWriterFilter, CorsFilter, LogoutFilter, UsernamePasswordAuthenticationFilter, DefaultLoginPageGeneratingFilter, DefaultLogoutPageGeneratingFilter, RequestCacheAwareFilter, SecurityContextHolderAwareRequestFilter, AnonymousAuthenticationFilter, ExceptionTranslationFilter, AuthorizationFilter
2024-10-23T09:36:29.357+07:00  INFO 41030 --- [project-management] [restartedMain] o.s.b.d.a.OptionalLiveReloadServer       : LiveReload server is running on port 35729
2024-10-23T09:36:29.386+07:00  INFO 41030 --- [project-management] [restartedMain] o.s.b.w.embedded.tomcat.TomcatWebServer  : Tomcat started on port 8000 (http) with context path '/'
2024-10-23T09:36:29.397+07:00  INFO 41030 --- [project-management] [restartedMain] c.p.p.ProjectManagementApplication       : Started ProjectManagementApplication in 4.072 seconds (process running for 4.483)
2024-10-23T09:36:30.762+07:00  INFO 41030 --- [project-management] [File Watcher] rtingClassPathChangeChangedEventListener : Restarting due to 1 class path change (0 additions, 0 deletions, 1 modification)
2024-10-23T09:36:30.774+07:00  INFO 41030 --- [project-management] [Thread-5] j.LocalContainerEntityManagerFactoryBean : Closing JPA EntityManagerFactory for persistence unit 'default'
2024-10-23T09:36:30.779+07:00  INFO 41030 --- [project-management] [Thread-5] com.zaxxer.hikari.HikariDataSource       : HikariPool-1 - Shutdown initiated...
2024-10-23T09:36:30.784+07:00  INFO 41030 --- [project-management] [Thread-5] com.zaxxer.hikari.HikariDataSource       : HikariPool-1 - Shutdown completed.
2024-10-23T09:36:30.922+07:00  INFO 41030 --- [project-management] [restartedMain] c.p.p.ProjectManagementApplication       : Starting ProjectManagementApplication using Java 21.0.4 with PID 41030 (/home/tuan/Documents/Code/Java/Advanced/Spring Boot/Project-management/target/classes started by tuan in /home/tuan/Documents/Code/Java/Advanced/Spring Boot/Project-management)
2024-10-23T09:36:30.922+07:00  INFO 41030 --- [project-management] [restartedMain] c.p.p.ProjectManagementApplication       : No active profile set, falling back to 1 default profile: "default"
2024-10-23T09:36:31.170+07:00  INFO 41030 --- [project-management] [restartedMain] .s.d.r.c.RepositoryConfigurationDelegate : Bootstrapping Spring Data JPA repositories in DEFAULT mode.
2024-10-23T09:36:31.177+07:00  INFO 41030 --- [project-management] [restartedMain] .s.d.r.c.RepositoryConfigurationDelegate : Finished Spring Data repository scanning in 5 ms. Found 0 JPA repository interfaces.
2024-10-23T09:36:31.329+07:00  INFO 41030 --- [project-management] [restartedMain] o.s.b.w.embedded.tomcat.TomcatWebServer  : Tomcat initialized with port 8000 (http)
2024-10-23T09:36:31.330+07:00  INFO 41030 --- [project-management] [restartedMain] o.a.catalina.core.AprLifecycleListener   : Loaded Apache Tomcat Native library [2.0.8] using APR version [1.7.5].
2024-10-23T09:36:31.331+07:00  INFO 41030 --- [project-management] [restartedMain] o.a.catalina.core.AprLifecycleListener   : OpenSSL successfully initialized [OpenSSL 3.3.2 3 Sep 2024]
2024-10-23T09:36:31.332+07:00  INFO 41030 --- [project-management] [restartedMain] o.apache.catalina.core.StandardService   : Starting service [Tomcat]
2024-10-23T09:36:31.332+07:00  INFO 41030 --- [project-management] [restartedMain] o.apache.catalina.core.StandardEngine    : Starting Servlet engine: [Apache Tomcat/10.1.30]
2024-10-23T09:36:31.342+07:00  INFO 41030 --- [project-management] [restartedMain] o.a.c.c.C.[Tomcat].[localhost].[/]       : Initializing Spring embedded WebApplicationContext
2024-10-23T09:36:31.342+07:00  INFO 41030 --- [project-management] [restartedMain] w.s.c.ServletWebServerApplicationContext : Root WebApplicationContext: initialization completed in 415 ms
2024-10-23T09:36:31.400+07:00  INFO 41030 --- [project-management] [restartedMain] o.hibernate.jpa.internal.util.LogHelper  : HHH000204: Processing PersistenceUnitInfo [name: default]
2024-10-23T09:36:31.403+07:00  INFO 41030 --- [project-management] [restartedMain] o.h.c.internal.RegionFactoryInitiator    : HHH000026: Second-level cache disabled
2024-10-23T09:36:31.413+07:00  INFO 41030 --- [project-management] [restartedMain] o.s.o.j.p.SpringPersistenceUnitInfo      : No LoadTimeWeaver setup: ignoring JPA class transformer
2024-10-23T09:36:31.415+07:00  INFO 41030 --- [project-management] [restartedMain] com.zaxxer.hikari.HikariDataSource       : HikariPool-2 - Starting...
2024-10-23T09:36:31.424+07:00  INFO 41030 --- [project-management] [restartedMain] com.zaxxer.hikari.pool.HikariPool        : HikariPool-2 - Added connection org.postgresql.jdbc.PgConnection@6028704c
2024-10-23T09:36:31.425+07:00  INFO 41030 --- [project-management] [restartedMain] com.zaxxer.hikari.HikariDataSource       : HikariPool-2 - Start completed.
2024-10-23T09:36:31.430+07:00  WARN 41030 --- [project-management] [restartedMain] org.hibernate.orm.deprecation            : HHH90000025: PostgreSQLDialect does not need to be specified explicitly using 'hibernate.dialect' (remove the property setting and it will be selected by default)
2024-10-23T09:36:31.456+07:00  INFO 41030 --- [project-management] [restartedMain] o.h.e.t.j.p.i.JtaPlatformInitiator       : HHH000489: No JTA platform available (set 'hibernate.transaction.jta.platform' to enable JTA platform integration)
2024-10-23T09:36:31.457+07:00  INFO 41030 --- [project-management] [restartedMain] j.LocalContainerEntityManagerFactoryBean : Initialized JPA EntityManagerFactory for persistence unit 'default'
2024-10-23T09:36:31.467+07:00  INFO 41030 --- [project-management] [restartedMain] startup-reset                            : Application restarted, clearing old logs.
2024-10-23T09:36:31.509+07:00  WARN 41030 --- [project-management] [restartedMain] JpaBaseConfiguration$JpaWebConfiguration : spring.jpa.open-in-view is enabled by default. Therefore, database queries may be performed during view rendering. Explicitly configure spring.jpa.open-in-view to disable this warning
2024-10-23T09:36:31.521+07:00  INFO 41030 --- [project-management] [restartedMain] r$InitializeUserDetailsManagerConfigurer : Global AuthenticationManager configured with UserDetailsService bean with name userDetailsService
2024-10-23T09:36:31.610+07:00 DEBUG 41030 --- [project-management] [restartedMain] o.s.s.web.DefaultSecurityFilterChain     : Will secure any request with filters: DisableEncodeUrlFilter, WebAsyncManagerIntegrationFilter, SecurityContextHolderFilter, HeaderWriterFilter, CorsFilter, LogoutFilter, UsernamePasswordAuthenticationFilter, DefaultLoginPageGeneratingFilter, DefaultLogoutPageGeneratingFilter, RequestCacheAwareFilter, SecurityContextHolderAwareRequestFilter, AnonymousAuthenticationFilter, ExceptionTranslationFilter, AuthorizationFilter
2024-10-23T09:36:31.695+07:00  INFO 41030 --- [project-management] [restartedMain] o.s.b.d.a.OptionalLiveReloadServer       : LiveReload server is running on port 35729
2024-10-23T09:36:31.702+07:00  INFO 41030 --- [project-management] [restartedMain] o.s.b.w.embedded.tomcat.TomcatWebServer  : Tomcat started on port 8000 (http) with context path '/'
2024-10-23T09:36:31.705+07:00  INFO 41030 --- [project-management] [restartedMain] c.p.p.ProjectManagementApplication       : Started ProjectManagementApplication in 0.835 seconds (process running for 6.791)
2024-10-23T09:36:31.708+07:00  INFO 41030 --- [project-management] [restartedMain] .ConditionEvaluationDeltaLoggingListener : Condition evaluation unchanged
2024-10-23T09:36:33.098+07:00  INFO 41030 --- [project-management] [File Watcher] rtingClassPathChangeChangedEventListener : Restarting due to 1 class path change (0 additions, 0 deletions, 1 modification)
2024-10-23T09:36:33.102+07:00  INFO 41030 --- [project-management] [Thread-7] j.LocalContainerEntityManagerFactoryBean : Closing JPA EntityManagerFactory for persistence unit 'default'
2024-10-23T09:36:33.102+07:00  INFO 41030 --- [project-management] [Thread-7] com.zaxxer.hikari.HikariDataSource       : HikariPool-2 - Shutdown initiated...
2024-10-23T09:36:33.103+07:00  INFO 41030 --- [project-management] [Thread-7] com.zaxxer.hikari.HikariDataSource       : HikariPool-2 - Shutdown completed.
2024-10-23T09:36:33.176+07:00  INFO 41030 --- [project-management] [restartedMain] c.p.p.ProjectManagementApplication       : Starting ProjectManagementApplication using Java 21.0.4 with PID 41030 (/home/tuan/Documents/Code/Java/Advanced/Spring Boot/Project-management/target/classes started by tuan in /home/tuan/Documents/Code/Java/Advanced/Spring Boot/Project-management)
2024-10-23T09:36:33.176+07:00  INFO 41030 --- [project-management] [restartedMain] c.p.p.ProjectManagementApplication       : No active profile set, falling back to 1 default profile: "default"
2024-10-23T09:36:33.282+07:00  INFO 41030 --- [project-management] [restartedMain] .s.d.r.c.RepositoryConfigurationDelegate : Bootstrapping Spring Data JPA repositories in DEFAULT mode.
2024-10-23T09:36:33.285+07:00  INFO 41030 --- [project-management] [restartedMain] .s.d.r.c.RepositoryConfigurationDelegate : Finished Spring Data repository scanning in 2 ms. Found 0 JPA repository interfaces.
2024-10-23T09:36:33.380+07:00  INFO 41030 --- [project-management] [restartedMain] o.s.b.w.embedded.tomcat.TomcatWebServer  : Tomcat initialized with port 8000 (http)
2024-10-23T09:36:33.380+07:00  INFO 41030 --- [project-management] [restartedMain] o.a.catalina.core.AprLifecycleListener   : Loaded Apache Tomcat Native library [2.0.8] using APR version [1.7.5].
2024-10-23T09:36:33.380+07:00  INFO 41030 --- [project-management] [restartedMain] o.a.catalina.core.AprLifecycleListener   : OpenSSL successfully initialized [OpenSSL 3.3.2 3 Sep 2024]
2024-10-23T09:36:33.381+07:00  INFO 41030 --- [project-management] [restartedMain] o.apache.catalina.core.StandardService   : Starting service [Tomcat]
2024-10-23T09:36:33.381+07:00  INFO 41030 --- [project-management] [restartedMain] o.apache.catalina.core.StandardEngine    : Starting Servlet engine: [Apache Tomcat/10.1.30]
2024-10-23T09:36:33.389+07:00  INFO 41030 --- [project-management] [restartedMain] o.a.c.c.C.[Tomcat].[localhost].[/]       : Initializing Spring embedded WebApplicationContext
2024-10-23T09:36:33.389+07:00  INFO 41030 --- [project-management] [restartedMain] w.s.c.ServletWebServerApplicationContext : Root WebApplicationContext: initialization completed in 211 ms
2024-10-23T09:36:33.442+07:00  INFO 41030 --- [project-management] [restartedMain] o.hibernate.jpa.internal.util.LogHelper  : HHH000204: Processing PersistenceUnitInfo [name: default]
2024-10-23T09:36:33.444+07:00  INFO 41030 --- [project-management] [restartedMain] o.h.c.internal.RegionFactoryInitiator    : HHH000026: Second-level cache disabled
2024-10-23T09:36:33.452+07:00  INFO 41030 --- [project-management] [restartedMain] o.s.o.j.p.SpringPersistenceUnitInfo      : No LoadTimeWeaver setup: ignoring JPA class transformer
2024-10-23T09:36:33.453+07:00  INFO 41030 --- [project-management] [restartedMain] com.zaxxer.hikari.HikariDataSource       : HikariPool-3 - Starting...
2024-10-23T09:36:33.460+07:00  INFO 41030 --- [project-management] [restartedMain] com.zaxxer.hikari.pool.HikariPool        : HikariPool-3 - Added connection org.postgresql.jdbc.PgConnection@7bee9ce2
2024-10-23T09:36:33.461+07:00  INFO 41030 --- [project-management] [restartedMain] com.zaxxer.hikari.HikariDataSource       : HikariPool-3 - Start completed.
2024-10-23T09:36:33.465+07:00  WARN 41030 --- [project-management] [restartedMain] org.hibernate.orm.deprecation            : HHH90000025: PostgreSQLDialect does not need to be specified explicitly using 'hibernate.dialect' (remove the property setting and it will be selected by default)
2024-10-23T09:36:33.484+07:00  INFO 41030 --- [project-management] [restartedMain] o.h.e.t.j.p.i.JtaPlatformInitiator       : HHH000489: No JTA platform available (set 'hibernate.transaction.jta.platform' to enable JTA platform integration)
2024-10-23T09:36:33.484+07:00  INFO 41030 --- [project-management] [restartedMain] j.LocalContainerEntityManagerFactoryBean : Initialized JPA EntityManagerFactory for persistence unit 'default'
2024-10-23T09:36:33.491+07:00  INFO 41030 --- [project-management] [restartedMain] startup-reset                            : Application restarted, clearing old logs.
2024-10-23T09:36:33.517+07:00  WARN 41030 --- [project-management] [restartedMain] JpaBaseConfiguration$JpaWebConfiguration : spring.jpa.open-in-view is enabled by default. Therefore, database queries may be performed during view rendering. Explicitly configure spring.jpa.open-in-view to disable this warning
2024-10-23T09:36:33.525+07:00  INFO 41030 --- [project-management] [restartedMain] r$InitializeUserDetailsManagerConfigurer : Global AuthenticationManager configured with UserDetailsService bean with name userDetailsService
2024-10-23T09:36:33.606+07:00 DEBUG 41030 --- [project-management] [restartedMain] o.s.s.web.DefaultSecurityFilterChain     : Will secure any request with filters: DisableEncodeUrlFilter, WebAsyncManagerIntegrationFilter, SecurityContextHolderFilter, HeaderWriterFilter, CorsFilter, LogoutFilter, UsernamePasswordAuthenticationFilter, DefaultLoginPageGeneratingFilter, DefaultLogoutPageGeneratingFilter, RequestCacheAwareFilter, SecurityContextHolderAwareRequestFilter, AnonymousAuthenticationFilter, ExceptionTranslationFilter, AuthorizationFilter
2024-10-23T09:36:33.713+07:00  INFO 41030 --- [project-management] [restartedMain] o.s.b.d.a.OptionalLiveReloadServer       : LiveReload server is running on port 35729
2024-10-23T09:36:33.721+07:00  INFO 41030 --- [project-management] [restartedMain] o.s.b.w.embedded.tomcat.TomcatWebServer  : Tomcat started on port 8000 (http) with context path '/'
2024-10-23T09:36:33.724+07:00  INFO 41030 --- [project-management] [restartedMain] c.p.p.ProjectManagementApplication       : Started ProjectManagementApplication in 0.574 seconds (process running for 8.81)
2024-10-23T09:36:33.726+07:00  INFO 41030 --- [project-management] [restartedMain] .ConditionEvaluationDeltaLoggingListener : Condition evaluation unchanged
2024-10-23T09:36:35.116+07:00  INFO 41030 --- [project-management] [File Watcher] rtingClassPathChangeChangedEventListener : Restarting due to 1 class path change (0 additions, 0 deletions, 1 modification)
2024-10-23T09:36:35.119+07:00  INFO 41030 --- [project-management] [Thread-11] j.LocalContainerEntityManagerFactoryBean : Closing JPA EntityManagerFactory for persistence unit 'default'
2024-10-23T09:36:35.120+07:00  INFO 41030 --- [project-management] [Thread-11] com.zaxxer.hikari.HikariDataSource       : HikariPool-3 - Shutdown initiated...
2024-10-23T09:36:35.121+07:00  INFO 41030 --- [project-management] [Thread-11] com.zaxxer.hikari.HikariDataSource       : HikariPool-3 - Shutdown completed.
2024-10-23T09:36:35.195+07:00  INFO 41030 --- [project-management] [restartedMain] c.p.p.ProjectManagementApplication       : Starting ProjectManagementApplication using Java 21.0.4 with PID 41030 (/home/tuan/Documents/Code/Java/Advanced/Spring Boot/Project-management/target/classes started by tuan in /home/tuan/Documents/Code/Java/Advanced/Spring Boot/Project-management)
2024-10-23T09:36:35.195+07:00  INFO 41030 --- [project-management] [restartedMain] c.p.p.ProjectManagementApplication       : No active profile set, falling back to 1 default profile: "default"
2024-10-23T09:36:35.321+07:00  INFO 41030 --- [project-management] [restartedMain] .s.d.r.c.RepositoryConfigurationDelegate : Bootstrapping Spring Data JPA repositories in DEFAULT mode.
2024-10-23T09:36:35.326+07:00  INFO 41030 --- [project-management] [restartedMain] .s.d.r.c.RepositoryConfigurationDelegate : Finished Spring Data repository scanning in 4 ms. Found 0 JPA repository interfaces.
2024-10-23T09:36:35.405+07:00  INFO 41030 --- [project-management] [restartedMain] o.s.b.w.embedded.tomcat.TomcatWebServer  : Tomcat initialized with port 8000 (http)
2024-10-23T09:36:35.406+07:00  INFO 41030 --- [project-management] [restartedMain] o.a.catalina.core.AprLifecycleListener   : Loaded Apache Tomcat Native library [2.0.8] using APR version [1.7.5].
2024-10-23T09:36:35.406+07:00  INFO 41030 --- [project-management] [restartedMain] o.a.catalina.core.AprLifecycleListener   : OpenSSL successfully initialized [OpenSSL 3.3.2 3 Sep 2024]
2024-10-23T09:36:35.406+07:00  INFO 41030 --- [project-management] [restartedMain] o.apache.catalina.core.StandardService   : Starting service [Tomcat]
2024-10-23T09:36:35.407+07:00  INFO 41030 --- [project-management] [restartedMain] o.apache.catalina.core.StandardEngine    : Starting Servlet engine: [Apache Tomcat/10.1.30]
2024-10-23T09:36:35.413+07:00  INFO 41030 --- [project-management] [restartedMain] o.a.c.c.C.[Tomcat].[localhost].[/]       : Initializing Spring embedded WebApplicationContext
2024-10-23T09:36:35.413+07:00  INFO 41030 --- [project-management] [restartedMain] w.s.c.ServletWebServerApplicationContext : Root WebApplicationContext: initialization completed in 216 ms
2024-10-23T09:36:35.456+07:00  INFO 41030 --- [project-management] [restartedMain] o.hibernate.jpa.internal.util.LogHelper  : HHH000204: Processing PersistenceUnitInfo [name: default]
2024-10-23T09:36:35.458+07:00  INFO 41030 --- [project-management] [restartedMain] o.h.c.internal.RegionFactoryInitiator    : HHH000026: Second-level cache disabled
2024-10-23T09:36:35.468+07:00  INFO 41030 --- [project-management] [restartedMain] o.s.o.j.p.SpringPersistenceUnitInfo      : No LoadTimeWeaver setup: ignoring JPA class transformer
2024-10-23T09:36:35.470+07:00  INFO 41030 --- [project-management] [restartedMain] com.zaxxer.hikari.HikariDataSource       : HikariPool-4 - Starting...
2024-10-23T09:36:35.476+07:00  INFO 41030 --- [project-management] [restartedMain] com.zaxxer.hikari.pool.HikariPool        : HikariPool-4 - Added connection org.postgresql.jdbc.PgConnection@31dcadcd
2024-10-23T09:36:35.477+07:00  INFO 41030 --- [project-management] [restartedMain] com.zaxxer.hikari.HikariDataSource       : HikariPool-4 - Start completed.
2024-10-23T09:36:35.481+07:00  WARN 41030 --- [project-management] [restartedMain] org.hibernate.orm.deprecation            : HHH90000025: PostgreSQLDialect does not need to be specified explicitly using 'hibernate.dialect' (remove the property setting and it will be selected by default)
2024-10-23T09:36:35.504+07:00  INFO 41030 --- [project-management] [restartedMain] o.h.e.t.j.p.i.JtaPlatformInitiator       : HHH000489: No JTA platform available (set 'hibernate.transaction.jta.platform' to enable JTA platform integration)
2024-10-23T09:36:35.505+07:00  INFO 41030 --- [project-management] [restartedMain] j.LocalContainerEntityManagerFactoryBean : Initialized JPA EntityManagerFactory for persistence unit 'default'
2024-10-23T09:36:35.512+07:00  INFO 41030 --- [project-management] [restartedMain] startup-reset                            : Application restarted, clearing old logs.
2024-10-23T09:36:35.540+07:00  WARN 41030 --- [project-management] [restartedMain] JpaBaseConfiguration$JpaWebConfiguration : spring.jpa.open-in-view is enabled by default. Therefore, database queries may be performed during view rendering. Explicitly configure spring.jpa.open-in-view to disable this warning
2024-10-23T09:36:35.551+07:00  INFO 41030 --- [project-management] [restartedMain] r$InitializeUserDetailsManagerConfigurer : Global AuthenticationManager configured with UserDetailsService bean with name userDetailsService
2024-10-23T09:36:35.629+07:00 DEBUG 41030 --- [project-management] [restartedMain] o.s.s.web.DefaultSecurityFilterChain     : Will secure any request with filters: DisableEncodeUrlFilter, WebAsyncManagerIntegrationFilter, SecurityContextHolderFilter, HeaderWriterFilter, CorsFilter, LogoutFilter, UsernamePasswordAuthenticationFilter, DefaultLoginPageGeneratingFilter, DefaultLogoutPageGeneratingFilter, RequestCacheAwareFilter, SecurityContextHolderAwareRequestFilter, AnonymousAuthenticationFilter, ExceptionTranslationFilter, AuthorizationFilter
2024-10-23T09:36:35.705+07:00  INFO 41030 --- [project-management] [restartedMain] o.s.b.d.a.OptionalLiveReloadServer       : LiveReload server is running on port 35729
2024-10-23T09:36:35.710+07:00  INFO 41030 --- [project-management] [restartedMain] o.s.b.w.embedded.tomcat.TomcatWebServer  : Tomcat started on port 8000 (http) with context path '/'
2024-10-23T09:36:35.712+07:00  INFO 41030 --- [project-management] [restartedMain] c.p.p.ProjectManagementApplication       : Started ProjectManagementApplication in 0.544 seconds (process running for 10.798)
2024-10-23T09:36:35.713+07:00  INFO 41030 --- [project-management] [restartedMain] .ConditionEvaluationDeltaLoggingListener : Condition evaluation unchanged
2024-10-23T09:36:37.108+07:00  INFO 41030 --- [project-management] [File Watcher] rtingClassPathChangeChangedEventListener : Restarting due to 1 class path change (0 additions, 0 deletions, 1 modification)
2024-10-23T09:36:37.112+07:00  INFO 41030 --- [project-management] [Thread-15] j.LocalContainerEntityManagerFactoryBean : Closing JPA EntityManagerFactory for persistence unit 'default'
2024-10-23T09:36:37.113+07:00  INFO 41030 --- [project-management] [Thread-15] com.zaxxer.hikari.HikariDataSource       : HikariPool-4 - Shutdown initiated...
2024-10-23T09:36:37.116+07:00  INFO 41030 --- [project-management] [Thread-15] com.zaxxer.hikari.HikariDataSource       : HikariPool-4 - Shutdown completed.
2024-10-23T09:36:37.194+07:00  INFO 41030 --- [project-management] [restartedMain] c.p.p.ProjectManagementApplication       : Starting ProjectManagementApplication using Java 21.0.4 with PID 41030 (/home/tuan/Documents/Code/Java/Advanced/Spring Boot/Project-management/target/classes started by tuan in /home/tuan/Documents/Code/Java/Advanced/Spring Boot/Project-management)
2024-10-23T09:36:37.195+07:00  INFO 41030 --- [project-management] [restartedMain] c.p.p.ProjectManagementApplication       : No active profile set, falling back to 1 default profile: "default"
2024-10-23T09:36:37.299+07:00  INFO 41030 --- [project-management] [restartedMain] .s.d.r.c.RepositoryConfigurationDelegate : Bootstrapping Spring Data JPA repositories in DEFAULT mode.
2024-10-23T09:36:37.302+07:00  INFO 41030 --- [project-management] [restartedMain] .s.d.r.c.RepositoryConfigurationDelegate : Finished Spring Data repository scanning in 2 ms. Found 0 JPA repository interfaces.
2024-10-23T09:36:37.374+07:00  INFO 41030 --- [project-management] [restartedMain] o.s.b.w.embedded.tomcat.TomcatWebServer  : Tomcat initialized with port 8000 (http)
2024-10-23T09:36:37.375+07:00  INFO 41030 --- [project-management] [restartedMain] o.a.catalina.core.AprLifecycleListener   : Loaded Apache Tomcat Native library [2.0.8] using APR version [1.7.5].
2024-10-23T09:36:37.375+07:00  INFO 41030 --- [project-management] [restartedMain] o.a.catalina.core.AprLifecycleListener   : OpenSSL successfully initialized [OpenSSL 3.3.2 3 Sep 2024]
2024-10-23T09:36:37.376+07:00  INFO 41030 --- [project-management] [restartedMain] o.apache.catalina.core.StandardService   : Starting service [Tomcat]
2024-10-23T09:36:37.376+07:00  INFO 41030 --- [project-management] [restartedMain] o.apache.catalina.core.StandardEngine    : Starting Servlet engine: [Apache Tomcat/10.1.30]
2024-10-23T09:36:37.383+07:00  INFO 41030 --- [project-management] [restartedMain] o.a.c.c.C.[Tomcat].[localhost].[/]       : Initializing Spring embedded WebApplicationContext
2024-10-23T09:36:37.384+07:00  INFO 41030 --- [project-management] [restartedMain] w.s.c.ServletWebServerApplicationContext : Root WebApplicationContext: initialization completed in 187 ms
2024-10-23T09:36:37.437+07:00  INFO 41030 --- [project-management] [restartedMain] o.hibernate.jpa.internal.util.LogHelper  : HHH000204: Processing PersistenceUnitInfo [name: default]
2024-10-23T09:36:37.438+07:00  INFO 41030 --- [project-management] [restartedMain] o.h.c.internal.RegionFactoryInitiator    : HHH000026: Second-level cache disabled
2024-10-23T09:36:37.447+07:00  INFO 41030 --- [project-management] [restartedMain] o.s.o.j.p.SpringPersistenceUnitInfo      : No LoadTimeWeaver setup: ignoring JPA class transformer
2024-10-23T09:36:37.448+07:00  INFO 41030 --- [project-management] [restartedMain] com.zaxxer.hikari.HikariDataSource       : HikariPool-5 - Starting...
2024-10-23T09:36:37.454+07:00  INFO 41030 --- [project-management] [restartedMain] com.zaxxer.hikari.pool.HikariPool        : HikariPool-5 - Added connection org.postgresql.jdbc.PgConnection@4e88fd7a
2024-10-23T09:36:37.455+07:00  INFO 41030 --- [project-management] [restartedMain] com.zaxxer.hikari.HikariDataSource       : HikariPool-5 - Start completed.
2024-10-23T09:36:37.458+07:00  WARN 41030 --- [project-management] [restartedMain] org.hibernate.orm.deprecation            : HHH90000025: PostgreSQLDialect does not need to be specified explicitly using 'hibernate.dialect' (remove the property setting and it will be selected by default)
2024-10-23T09:36:37.474+07:00  INFO 41030 --- [project-management] [restartedMain] o.h.e.t.j.p.i.JtaPlatformInitiator       : HHH000489: No JTA platform available (set 'hibernate.transaction.jta.platform' to enable JTA platform integration)
2024-10-23T09:36:37.474+07:00  INFO 41030 --- [project-management] [restartedMain] j.LocalContainerEntityManagerFactoryBean : Initialized JPA EntityManagerFactory for persistence unit 'default'
2024-10-23T09:36:37.482+07:00  INFO 41030 --- [project-management] [restartedMain] startup-reset                            : Application restarted, clearing old logs.
2024-10-23T09:36:37.507+07:00  WARN 41030 --- [project-management] [restartedMain] JpaBaseConfiguration$JpaWebConfiguration : spring.jpa.open-in-view is enabled by default. Therefore, database queries may be performed during view rendering. Explicitly configure spring.jpa.open-in-view to disable this warning
2024-10-23T09:36:37.519+07:00  INFO 41030 --- [project-management] [restartedMain] r$InitializeUserDetailsManagerConfigurer : Global AuthenticationManager configured with UserDetailsService bean with name userDetailsService
2024-10-23T09:36:37.587+07:00 DEBUG 41030 --- [project-management] [restartedMain] o.s.s.web.DefaultSecurityFilterChain     : Will secure any request with filters: DisableEncodeUrlFilter, WebAsyncManagerIntegrationFilter, SecurityContextHolderFilter, HeaderWriterFilter, CorsFilter, LogoutFilter, UsernamePasswordAuthenticationFilter, DefaultLoginPageGeneratingFilter, DefaultLogoutPageGeneratingFilter, RequestCacheAwareFilter, SecurityContextHolderAwareRequestFilter, AnonymousAuthenticationFilter, ExceptionTranslationFilter, AuthorizationFilter
2024-10-23T09:36:37.669+07:00  INFO 41030 --- [project-management] [restartedMain] o.s.b.d.a.OptionalLiveReloadServer       : LiveReload server is running on port 35729
2024-10-23T09:36:37.676+07:00  INFO 41030 --- [project-management] [restartedMain] o.s.b.w.embedded.tomcat.TomcatWebServer  : Tomcat started on port 8000 (http) with context path '/'
2024-10-23T09:36:37.680+07:00  INFO 41030 --- [project-management] [restartedMain] c.p.p.ProjectManagementApplication       : Started ProjectManagementApplication in 0.51 seconds (process running for 12.766)
2024-10-23T09:36:37.682+07:00  INFO 41030 --- [project-management] [restartedMain] .ConditionEvaluationDeltaLoggingListener : Condition evaluation unchanged
2024-10-23T09:36:39.073+07:00  INFO 41030 --- [project-management] [File Watcher] rtingClassPathChangeChangedEventListener : Restarting due to 1 class path change (0 additions, 0 deletions, 1 modification)
2024-10-23T09:36:39.077+07:00  INFO 41030 --- [project-management] [Thread-19] j.LocalContainerEntityManagerFactoryBean : Closing JPA EntityManagerFactory for persistence unit 'default'
2024-10-23T09:36:39.078+07:00  INFO 41030 --- [project-management] [Thread-19] com.zaxxer.hikari.HikariDataSource       : HikariPool-5 - Shutdown initiated...
2024-10-23T09:36:39.082+07:00  INFO 41030 --- [project-management] [Thread-19] com.zaxxer.hikari.HikariDataSource       : HikariPool-5 - Shutdown completed.
2024-10-23T09:36:39.157+07:00  INFO 41030 --- [project-management] [restartedMain] c.p.p.ProjectManagementApplication       : Starting ProjectManagementApplication using Java 21.0.4 with PID 41030 (/home/tuan/Documents/Code/Java/Advanced/Spring Boot/Project-management/target/classes started by tuan in /home/tuan/Documents/Code/Java/Advanced/Spring Boot/Project-management)
2024-10-23T09:36:39.157+07:00  INFO 41030 --- [project-management] [restartedMain] c.p.p.ProjectManagementApplication       : No active profile set, falling back to 1 default profile: "default"
2024-10-23T09:36:39.251+07:00  INFO 41030 --- [project-management] [restartedMain] .s.d.r.c.RepositoryConfigurationDelegate : Bootstrapping Spring Data JPA repositories in DEFAULT mode.
2024-10-23T09:36:39.254+07:00  INFO 41030 --- [project-management] [restartedMain] .s.d.r.c.RepositoryConfigurationDelegate : Finished Spring Data repository scanning in 2 ms. Found 0 JPA repository interfaces.
2024-10-23T09:36:39.332+07:00  INFO 41030 --- [project-management] [restartedMain] o.s.b.w.embedded.tomcat.TomcatWebServer  : Tomcat initialized with port 8000 (http)
2024-10-23T09:36:39.333+07:00  INFO 41030 --- [project-management] [restartedMain] o.a.catalina.core.AprLifecycleListener   : Loaded Apache Tomcat Native library [2.0.8] using APR version [1.7.5].
2024-10-23T09:36:39.333+07:00  INFO 41030 --- [project-management] [restartedMain] o.a.catalina.core.AprLifecycleListener   : OpenSSL successfully initialized [OpenSSL 3.3.2 3 Sep 2024]
2024-10-23T09:36:39.334+07:00  INFO 41030 --- [project-management] [restartedMain] o.apache.catalina.core.StandardService   : Starting service [Tomcat]
2024-10-23T09:36:39.334+07:00  INFO 41030 --- [project-management] [restartedMain] o.apache.catalina.core.StandardEngine    : Starting Servlet engine: [Apache Tomcat/10.1.30]
2024-10-23T09:36:39.340+07:00  INFO 41030 --- [project-management] [restartedMain] o.a.c.c.C.[Tomcat].[localhost].[/]       : Initializing Spring embedded WebApplicationContext
2024-10-23T09:36:39.340+07:00  INFO 41030 --- [project-management] [restartedMain] w.s.c.ServletWebServerApplicationContext : Root WebApplicationContext: initialization completed in 181 ms
2024-10-23T09:36:39.390+07:00  INFO 41030 --- [project-management] [restartedMain] o.hibernate.jpa.internal.util.LogHelper  : HHH000204: Processing PersistenceUnitInfo [name: default]
2024-10-23T09:36:39.391+07:00  INFO 41030 --- [project-management] [restartedMain] o.h.c.internal.RegionFactoryInitiator    : HHH000026: Second-level cache disabled
2024-10-23T09:36:39.397+07:00  INFO 41030 --- [project-management] [restartedMain] o.s.o.j.p.SpringPersistenceUnitInfo      : No LoadTimeWeaver setup: ignoring JPA class transformer
2024-10-23T09:36:39.398+07:00  INFO 41030 --- [project-management] [restartedMain] com.zaxxer.hikari.HikariDataSource       : HikariPool-6 - Starting...
2024-10-23T09:36:39.404+07:00  INFO 41030 --- [project-management] [restartedMain] com.zaxxer.hikari.pool.HikariPool        : HikariPool-6 - Added connection org.postgresql.jdbc.PgConnection@6708c662
2024-10-23T09:36:39.405+07:00  INFO 41030 --- [project-management] [restartedMain] com.zaxxer.hikari.HikariDataSource       : HikariPool-6 - Start completed.
2024-10-23T09:36:39.408+07:00  WARN 41030 --- [project-management] [restartedMain] org.hibernate.orm.deprecation            : HHH90000025: PostgreSQLDialect does not need to be specified explicitly using 'hibernate.dialect' (remove the property setting and it will be selected by default)
2024-10-23T09:36:39.426+07:00  INFO 41030 --- [project-management] [restartedMain] o.h.e.t.j.p.i.JtaPlatformInitiator       : HHH000489: No JTA platform available (set 'hibernate.transaction.jta.platform' to enable JTA platform integration)
2024-10-23T09:36:39.427+07:00  INFO 41030 --- [project-management] [restartedMain] j.LocalContainerEntityManagerFactoryBean : Initialized JPA EntityManagerFactory for persistence unit 'default'
2024-10-23T09:36:39.434+07:00  INFO 41030 --- [project-management] [restartedMain] startup-reset                            : Application restarted, clearing old logs.
2024-10-23T09:36:39.460+07:00  WARN 41030 --- [project-management] [restartedMain] JpaBaseConfiguration$JpaWebConfiguration : spring.jpa.open-in-view is enabled by default. Therefore, database queries may be performed during view rendering. Explicitly configure spring.jpa.open-in-view to disable this warning
2024-10-23T09:36:39.471+07:00  INFO 41030 --- [project-management] [restartedMain] r$InitializeUserDetailsManagerConfigurer : Global AuthenticationManager configured with UserDetailsService bean with name userDetailsService
2024-10-23T09:36:39.542+07:00 DEBUG 41030 --- [project-management] [restartedMain] o.s.s.web.DefaultSecurityFilterChain     : Will secure any request with filters: DisableEncodeUrlFilter, WebAsyncManagerIntegrationFilter, SecurityContextHolderFilter, HeaderWriterFilter, CorsFilter, LogoutFilter, UsernamePasswordAuthenticationFilter, DefaultLoginPageGeneratingFilter, DefaultLogoutPageGeneratingFilter, RequestCacheAwareFilter, SecurityContextHolderAwareRequestFilter, AnonymousAuthenticationFilter, ExceptionTranslationFilter, AuthorizationFilter
2024-10-23T09:36:39.620+07:00  INFO 41030 --- [project-management] [restartedMain] o.s.b.d.a.OptionalLiveReloadServer       : LiveReload server is running on port 35729
2024-10-23T09:36:39.625+07:00  INFO 41030 --- [project-management] [restartedMain] o.s.b.w.embedded.tomcat.TomcatWebServer  : Tomcat started on port 8000 (http) with context path '/'
2024-10-23T09:36:39.628+07:00  INFO 41030 --- [project-management] [restartedMain] c.p.p.ProjectManagementApplication       : Started ProjectManagementApplication in 0.494 seconds (process running for 14.714)
2024-10-23T09:36:39.629+07:00  INFO 41030 --- [project-management] [restartedMain] .ConditionEvaluationDeltaLoggingListener : Condition evaluation unchanged
2024-10-23T09:36:41.023+07:00  INFO 41030 --- [project-management] [File Watcher] rtingClassPathChangeChangedEventListener : Restarting due to 1 class path change (0 additions, 0 deletions, 1 modification)
2024-10-23T09:36:41.027+07:00  INFO 41030 --- [project-management] [Thread-23] j.LocalContainerEntityManagerFactoryBean : Closing JPA EntityManagerFactory for persistence unit 'default'
2024-10-23T09:36:41.028+07:00  INFO 41030 --- [project-management] [Thread-23] com.zaxxer.hikari.HikariDataSource       : HikariPool-6 - Shutdown initiated...
2024-10-23T09:36:41.029+07:00  INFO 41030 --- [project-management] [Thread-23] com.zaxxer.hikari.HikariDataSource       : HikariPool-6 - Shutdown completed.
2024-10-23T09:36:41.120+07:00  INFO 41030 --- [project-management] [restartedMain] c.p.p.ProjectManagementApplication       : Starting ProjectManagementApplication using Java 21.0.4 with PID 41030 (/home/tuan/Documents/Code/Java/Advanced/Spring Boot/Project-management/target/classes started by tuan in /home/tuan/Documents/Code/Java/Advanced/Spring Boot/Project-management)
2024-10-23T09:36:41.121+07:00  INFO 41030 --- [project-management] [restartedMain] c.p.p.ProjectManagementApplication       : No active profile set, falling back to 1 default profile: "default"
2024-10-23T09:36:41.260+07:00  INFO 41030 --- [project-management] [restartedMain] .s.d.r.c.RepositoryConfigurationDelegate : Bootstrapping Spring Data JPA repositories in DEFAULT mode.
2024-10-23T09:36:41.264+07:00  INFO 41030 --- [project-management] [restartedMain] .s.d.r.c.RepositoryConfigurationDelegate : Finished Spring Data repository scanning in 3 ms. Found 0 JPA repository interfaces.
2024-10-23T09:36:41.387+07:00  INFO 41030 --- [project-management] [restartedMain] o.s.b.w.embedded.tomcat.TomcatWebServer  : Tomcat initialized with port 8000 (http)
2024-10-23T09:36:41.388+07:00  INFO 41030 --- [project-management] [restartedMain] o.a.catalina.core.AprLifecycleListener   : Loaded Apache Tomcat Native library [2.0.8] using APR version [1.7.5].
2024-10-23T09:36:41.389+07:00  INFO 41030 --- [project-management] [restartedMain] o.a.catalina.core.AprLifecycleListener   : OpenSSL successfully initialized [OpenSSL 3.3.2 3 Sep 2024]
2024-10-23T09:36:41.389+07:00  INFO 41030 --- [project-management] [restartedMain] o.apache.catalina.core.StandardService   : Starting service [Tomcat]
2024-10-23T09:36:41.389+07:00  INFO 41030 --- [project-management] [restartedMain] o.apache.catalina.core.StandardEngine    : Starting Servlet engine: [Apache Tomcat/10.1.30]
2024-10-23T09:36:41.400+07:00  INFO 41030 --- [project-management] [restartedMain] o.a.c.c.C.[Tomcat].[localhost].[/]       : Initializing Spring embedded WebApplicationContext
2024-10-23T09:36:41.400+07:00  INFO 41030 --- [project-management] [restartedMain] w.s.c.ServletWebServerApplicationContext : Root WebApplicationContext: initialization completed in 276 ms
2024-10-23T09:36:41.471+07:00  INFO 41030 --- [project-management] [restartedMain] o.hibernate.jpa.internal.util.LogHelper  : HHH000204: Processing PersistenceUnitInfo [name: default]
2024-10-23T09:36:41.473+07:00  INFO 41030 --- [project-management] [restartedMain] o.h.c.internal.RegionFactoryInitiator    : HHH000026: Second-level cache disabled
2024-10-23T09:36:41.483+07:00  INFO 41030 --- [project-management] [restartedMain] o.s.o.j.p.SpringPersistenceUnitInfo      : No LoadTimeWeaver setup: ignoring JPA class transformer
2024-10-23T09:36:41.484+07:00  INFO 41030 --- [project-management] [restartedMain] com.zaxxer.hikari.HikariDataSource       : HikariPool-7 - Starting...
2024-10-23T09:36:41.492+07:00  INFO 41030 --- [project-management] [restartedMain] com.zaxxer.hikari.pool.HikariPool        : HikariPool-7 - Added connection org.postgresql.jdbc.PgConnection@26cfe3e5
2024-10-23T09:36:41.492+07:00  INFO 41030 --- [project-management] [restartedMain] com.zaxxer.hikari.HikariDataSource       : HikariPool-7 - Start completed.
2024-10-23T09:36:41.496+07:00  WARN 41030 --- [project-management] [restartedMain] org.hibernate.orm.deprecation            : HHH90000025: PostgreSQLDialect does not need to be specified explicitly using 'hibernate.dialect' (remove the property setting and it will be selected by default)
2024-10-23T09:36:41.518+07:00  INFO 41030 --- [project-management] [restartedMain] o.h.e.t.j.p.i.JtaPlatformInitiator       : HHH000489: No JTA platform available (set 'hibernate.transaction.jta.platform' to enable JTA platform integration)
2024-10-23T09:36:41.519+07:00  INFO 41030 --- [project-management] [restartedMain] j.LocalContainerEntityManagerFactoryBean : Initialized JPA EntityManagerFactory for persistence unit 'default'
2024-10-23T09:36:41.526+07:00  INFO 41030 --- [project-management] [restartedMain] startup-reset                            : Application restarted, clearing old logs.
2024-10-23T09:36:41.554+07:00  WARN 41030 --- [project-management] [restartedMain] JpaBaseConfiguration$JpaWebConfiguration : spring.jpa.open-in-view is enabled by default. Therefore, database queries may be performed during view rendering. Explicitly configure spring.jpa.open-in-view to disable this warning
2024-10-23T09:36:41.566+07:00  INFO 41030 --- [project-management] [restartedMain] r$InitializeUserDetailsManagerConfigurer : Global AuthenticationManager configured with UserDetailsService bean with name userDetailsService
2024-10-23T09:36:41.642+07:00 DEBUG 41030 --- [project-management] [restartedMain] o.s.s.web.DefaultSecurityFilterChain     : Will secure any request with filters: DisableEncodeUrlFilter, WebAsyncManagerIntegrationFilter, SecurityContextHolderFilter, HeaderWriterFilter, CorsFilter, LogoutFilter, UsernamePasswordAuthenticationFilter, DefaultLoginPageGeneratingFilter, DefaultLogoutPageGeneratingFilter, RequestCacheAwareFilter, SecurityContextHolderAwareRequestFilter, AnonymousAuthenticationFilter, ExceptionTranslationFilter, AuthorizationFilter
2024-10-23T09:36:41.710+07:00  INFO 41030 --- [project-management] [restartedMain] o.s.b.d.a.OptionalLiveReloadServer       : LiveReload server is running on port 35729
2024-10-23T09:36:41.715+07:00  INFO 41030 --- [project-management] [restartedMain] o.s.b.w.embedded.tomcat.TomcatWebServer  : Tomcat started on port 8000 (http) with context path '/'
2024-10-23T09:36:41.718+07:00  INFO 41030 --- [project-management] [restartedMain] c.p.p.ProjectManagementApplication       : Started ProjectManagementApplication in 0.629 seconds (process running for 16.804)
2024-10-23T09:36:41.719+07:00  INFO 41030 --- [project-management] [restartedMain] .ConditionEvaluationDeltaLoggingListener : Condition evaluation unchanged
2024-10-23T09:36:43.514+07:00  INFO 41030 --- [project-management] [File Watcher] rtingClassPathChangeChangedEventListener : Restarting due to 2 class path changes (0 additions, 0 deletions, 2 modifications)
2024-10-23T09:36:43.517+07:00  INFO 41030 --- [project-management] [Thread-27] j.LocalContainerEntityManagerFactoryBean : Closing JPA EntityManagerFactory for persistence unit 'default'
2024-10-23T09:36:43.518+07:00  INFO 41030 --- [project-management] [Thread-27] com.zaxxer.hikari.HikariDataSource       : HikariPool-7 - Shutdown initiated...
2024-10-23T09:36:43.519+07:00  INFO 41030 --- [project-management] [Thread-27] com.zaxxer.hikari.HikariDataSource       : HikariPool-7 - Shutdown completed.
2024-10-23T09:36:43.582+07:00  INFO 41030 --- [project-management] [restartedMain] c.p.p.ProjectManagementApplication       : Starting ProjectManagementApplication using Java 21.0.4 with PID 41030 (/home/tuan/Documents/Code/Java/Advanced/Spring Boot/Project-management/target/classes started by tuan in /home/tuan/Documents/Code/Java/Advanced/Spring Boot/Project-management)
2024-10-23T09:36:43.582+07:00  INFO 41030 --- [project-management] [restartedMain] c.p.p.ProjectManagementApplication       : No active profile set, falling back to 1 default profile: "default"
2024-10-23T09:36:43.669+07:00  INFO 41030 --- [project-management] [restartedMain] .s.d.r.c.RepositoryConfigurationDelegate : Bootstrapping Spring Data JPA repositories in DEFAULT mode.
2024-10-23T09:36:43.671+07:00  INFO 41030 --- [project-management] [restartedMain] .s.d.r.c.RepositoryConfigurationDelegate : Finished Spring Data repository scanning in 1 ms. Found 0 JPA repository interfaces.
2024-10-23T09:36:43.734+07:00  INFO 41030 --- [project-management] [restartedMain] o.s.b.w.embedded.tomcat.TomcatWebServer  : Tomcat initialized with port 8000 (http)
2024-10-23T09:36:43.734+07:00  INFO 41030 --- [project-management] [restartedMain] o.a.catalina.core.AprLifecycleListener   : Loaded Apache Tomcat Native library [2.0.8] using APR version [1.7.5].
2024-10-23T09:36:43.735+07:00  INFO 41030 --- [project-management] [restartedMain] o.a.catalina.core.AprLifecycleListener   : OpenSSL successfully initialized [OpenSSL 3.3.2 3 Sep 2024]
2024-10-23T09:36:43.735+07:00  INFO 41030 --- [project-management] [restartedMain] o.apache.catalina.core.StandardService   : Starting service [Tomcat]
2024-10-23T09:36:43.735+07:00  INFO 41030 --- [project-management] [restartedMain] o.apache.catalina.core.StandardEngine    : Starting Servlet engine: [Apache Tomcat/10.1.30]
2024-10-23T09:36:43.741+07:00  INFO 41030 --- [project-management] [restartedMain] o.a.c.c.C.[Tomcat].[localhost].[/]       : Initializing Spring embedded WebApplicationContext
2024-10-23T09:36:43.741+07:00  INFO 41030 --- [project-management] [restartedMain] w.s.c.ServletWebServerApplicationContext : Root WebApplicationContext: initialization completed in 157 ms
2024-10-23T09:36:43.782+07:00  INFO 41030 --- [project-management] [restartedMain] o.hibernate.jpa.internal.util.LogHelper  : HHH000204: Processing PersistenceUnitInfo [name: default]
2024-10-23T09:36:43.784+07:00  INFO 41030 --- [project-management] [restartedMain] o.h.c.internal.RegionFactoryInitiator    : HHH000026: Second-level cache disabled
2024-10-23T09:36:43.790+07:00  INFO 41030 --- [project-management] [restartedMain] o.s.o.j.p.SpringPersistenceUnitInfo      : No LoadTimeWeaver setup: ignoring JPA class transformer
2024-10-23T09:36:43.791+07:00  INFO 41030 --- [project-management] [restartedMain] com.zaxxer.hikari.HikariDataSource       : HikariPool-8 - Starting...
2024-10-23T09:36:43.798+07:00  INFO 41030 --- [project-management] [restartedMain] com.zaxxer.hikari.pool.HikariPool        : HikariPool-8 - Added connection org.postgresql.jdbc.PgConnection@81db99f
2024-10-23T09:36:43.798+07:00  INFO 41030 --- [project-management] [restartedMain] com.zaxxer.hikari.HikariDataSource       : HikariPool-8 - Start completed.
2024-10-23T09:36:43.803+07:00  WARN 41030 --- [project-management] [restartedMain] org.hibernate.orm.deprecation            : HHH90000025: PostgreSQLDialect does not need to be specified explicitly using 'hibernate.dialect' (remove the property setting and it will be selected by default)
2024-10-23T09:36:43.818+07:00  INFO 41030 --- [project-management] [restartedMain] o.h.e.t.j.p.i.JtaPlatformInitiator       : HHH000489: No JTA platform available (set 'hibernate.transaction.jta.platform' to enable JTA platform integration)
2024-10-23T09:36:43.818+07:00  INFO 41030 --- [project-management] [restartedMain] j.LocalContainerEntityManagerFactoryBean : Initialized JPA EntityManagerFactory for persistence unit 'default'
2024-10-23T09:36:43.829+07:00  INFO 41030 --- [project-management] [restartedMain] startup-reset                            : Application restarted, clearing old logs.
2024-10-23T09:36:43.854+07:00  WARN 41030 --- [project-management] [restartedMain] JpaBaseConfiguration$JpaWebConfiguration : spring.jpa.open-in-view is enabled by default. Therefore, database queries may be performed during view rendering. Explicitly configure spring.jpa.open-in-view to disable this warning
2024-10-23T09:36:43.864+07:00  INFO 41030 --- [project-management] [restartedMain] r$InitializeUserDetailsManagerConfigurer : Global AuthenticationManager configured with UserDetailsService bean with name userDetailsService
2024-10-23T09:36:43.932+07:00 DEBUG 41030 --- [project-management] [restartedMain] o.s.s.web.DefaultSecurityFilterChain     : Will secure any request with filters: DisableEncodeUrlFilter, WebAsyncManagerIntegrationFilter, SecurityContextHolderFilter, HeaderWriterFilter, CorsFilter, LogoutFilter, UsernamePasswordAuthenticationFilter, DefaultLoginPageGeneratingFilter, DefaultLogoutPageGeneratingFilter, RequestCacheAwareFilter, SecurityContextHolderAwareRequestFilter, AnonymousAuthenticationFilter, ExceptionTranslationFilter, AuthorizationFilter
2024-10-23T09:36:43.992+07:00  INFO 41030 --- [project-management] [restartedMain] o.s.b.d.a.OptionalLiveReloadServer       : LiveReload server is running on port 35729
2024-10-23T09:36:43.996+07:00  INFO 41030 --- [project-management] [restartedMain] o.s.b.w.embedded.tomcat.TomcatWebServer  : Tomcat started on port 8000 (http) with context path '/'
2024-10-23T09:36:43.998+07:00  INFO 41030 --- [project-management] [restartedMain] c.p.p.ProjectManagementApplication       : Started ProjectManagementApplication in 0.435 seconds (process running for 19.084)
2024-10-23T09:36:43.999+07:00  INFO 41030 --- [project-management] [restartedMain] .ConditionEvaluationDeltaLoggingListener : Condition evaluation unchanged
2024-10-23T09:36:45.395+07:00  INFO 41030 --- [project-management] [File Watcher] rtingClassPathChangeChangedEventListener : Restarting due to 1 class path change (0 additions, 0 deletions, 1 modification)
2024-10-23T09:36:45.398+07:00  INFO 41030 --- [project-management] [Thread-31] j.LocalContainerEntityManagerFactoryBean : Closing JPA EntityManagerFactory for persistence unit 'default'
2024-10-23T09:36:45.399+07:00  INFO 41030 --- [project-management] [Thread-31] com.zaxxer.hikari.HikariDataSource       : HikariPool-8 - Shutdown initiated...
2024-10-23T09:36:45.400+07:00  INFO 41030 --- [project-management] [Thread-31] com.zaxxer.hikari.HikariDataSource       : HikariPool-8 - Shutdown completed.
2024-10-23T09:36:45.471+07:00  INFO 41030 --- [project-management] [restartedMain] c.p.p.ProjectManagementApplication       : Starting ProjectManagementApplication using Java 21.0.4 with PID 41030 (/home/tuan/Documents/Code/Java/Advanced/Spring Boot/Project-management/target/classes started by tuan in /home/tuan/Documents/Code/Java/Advanced/Spring Boot/Project-management)
2024-10-23T09:36:45.471+07:00  INFO 41030 --- [project-management] [restartedMain] c.p.p.ProjectManagementApplication       : No active profile set, falling back to 1 default profile: "default"
2024-10-23T09:36:45.559+07:00  INFO 41030 --- [project-management] [restartedMain] .s.d.r.c.RepositoryConfigurationDelegate : Bootstrapping Spring Data JPA repositories in DEFAULT mode.
2024-10-23T09:36:45.562+07:00  INFO 41030 --- [project-management] [restartedMain] .s.d.r.c.RepositoryConfigurationDelegate : Finished Spring Data repository scanning in 2 ms. Found 0 JPA repository interfaces.
2024-10-23T09:36:45.638+07:00  INFO 41030 --- [project-management] [restartedMain] o.s.b.w.embedded.tomcat.TomcatWebServer  : Tomcat initialized with port 8000 (http)
2024-10-23T09:36:45.638+07:00  INFO 41030 --- [project-management] [restartedMain] o.a.catalina.core.AprLifecycleListener   : Loaded Apache Tomcat Native library [2.0.8] using APR version [1.7.5].
2024-10-23T09:36:45.639+07:00  INFO 41030 --- [project-management] [restartedMain] o.a.catalina.core.AprLifecycleListener   : OpenSSL successfully initialized [OpenSSL 3.3.2 3 Sep 2024]
2024-10-23T09:36:45.639+07:00  INFO 41030 --- [project-management] [restartedMain] o.apache.catalina.core.StandardService   : Starting service [Tomcat]
2024-10-23T09:36:45.639+07:00  INFO 41030 --- [project-management] [restartedMain] o.apache.catalina.core.StandardEngine    : Starting Servlet engine: [Apache Tomcat/10.1.30]
2024-10-23T09:36:45.646+07:00  INFO 41030 --- [project-management] [restartedMain] o.a.c.c.C.[Tomcat].[localhost].[/]       : Initializing Spring embedded WebApplicationContext
2024-10-23T09:36:45.646+07:00  INFO 41030 --- [project-management] [restartedMain] w.s.c.ServletWebServerApplicationContext : Root WebApplicationContext: initialization completed in 173 ms
2024-10-23T09:36:45.686+07:00  INFO 41030 --- [project-management] [restartedMain] o.hibernate.jpa.internal.util.LogHelper  : HHH000204: Processing PersistenceUnitInfo [name: default]
2024-10-23T09:36:45.687+07:00  INFO 41030 --- [project-management] [restartedMain] o.h.c.internal.RegionFactoryInitiator    : HHH000026: Second-level cache disabled
2024-10-23T09:36:45.693+07:00  INFO 41030 --- [project-management] [restartedMain] o.s.o.j.p.SpringPersistenceUnitInfo      : No LoadTimeWeaver setup: ignoring JPA class transformer
2024-10-23T09:36:45.694+07:00  INFO 41030 --- [project-management] [restartedMain] com.zaxxer.hikari.HikariDataSource       : HikariPool-9 - Starting...
2024-10-23T09:36:45.700+07:00  INFO 41030 --- [project-management] [restartedMain] com.zaxxer.hikari.pool.HikariPool        : HikariPool-9 - Added connection org.postgresql.jdbc.PgConnection@5cbf143c
2024-10-23T09:36:45.700+07:00  INFO 41030 --- [project-management] [restartedMain] com.zaxxer.hikari.HikariDataSource       : HikariPool-9 - Start completed.
2024-10-23T09:36:45.704+07:00  WARN 41030 --- [project-management] [restartedMain] org.hibernate.orm.deprecation            : HHH90000025: PostgreSQLDialect does not need to be specified explicitly using 'hibernate.dialect' (remove the property setting and it will be selected by default)
2024-10-23T09:36:45.716+07:00  INFO 41030 --- [project-management] [restartedMain] o.h.e.t.j.p.i.JtaPlatformInitiator       : HHH000489: No JTA platform available (set 'hibernate.transaction.jta.platform' to enable JTA platform integration)
2024-10-23T09:36:45.717+07:00  INFO 41030 --- [project-management] [restartedMain] j.LocalContainerEntityManagerFactoryBean : Initialized JPA EntityManagerFactory for persistence unit 'default'
2024-10-23T09:36:45.727+07:00  INFO 41030 --- [project-management] [restartedMain] startup-reset                            : Application restarted, clearing old logs.
2024-10-23T09:36:45.748+07:00  WARN 41030 --- [project-management] [restartedMain] JpaBaseConfiguration$JpaWebConfiguration : spring.jpa.open-in-view is enabled by default. Therefore, database queries may be performed during view rendering. Explicitly configure spring.jpa.open-in-view to disable this warning
2024-10-23T09:36:45.757+07:00  INFO 41030 --- [project-management] [restartedMain] r$InitializeUserDetailsManagerConfigurer : Global AuthenticationManager configured with UserDetailsService bean with name userDetailsService
2024-10-23T09:36:45.823+07:00 DEBUG 41030 --- [project-management] [restartedMain] o.s.s.web.DefaultSecurityFilterChain     : Will secure any request with filters: DisableEncodeUrlFilter, WebAsyncManagerIntegrationFilter, SecurityContextHolderFilter, HeaderWriterFilter, CorsFilter, LogoutFilter, UsernamePasswordAuthenticationFilter, DefaultLoginPageGeneratingFilter, DefaultLogoutPageGeneratingFilter, RequestCacheAwareFilter, SecurityContextHolderAwareRequestFilter, AnonymousAuthenticationFilter, ExceptionTranslationFilter, AuthorizationFilter
2024-10-23T09:36:45.889+07:00  INFO 41030 --- [project-management] [restartedMain] o.s.b.d.a.OptionalLiveReloadServer       : LiveReload server is running on port 35729
2024-10-23T09:36:45.898+07:00  INFO 41030 --- [project-management] [restartedMain] o.s.b.w.embedded.tomcat.TomcatWebServer  : Tomcat started on port 8000 (http) with context path '/'
2024-10-23T09:36:45.901+07:00  INFO 41030 --- [project-management] [restartedMain] c.p.p.ProjectManagementApplication       : Started ProjectManagementApplication in 0.449 seconds (process running for 20.987)
2024-10-23T09:36:45.902+07:00  INFO 41030 --- [project-management] [restartedMain] .ConditionEvaluationDeltaLoggingListener : Condition evaluation unchanged
2024-10-23T09:36:47.291+07:00  INFO 41030 --- [project-management] [File Watcher] rtingClassPathChangeChangedEventListener : Restarting due to 1 class path change (0 additions, 0 deletions, 1 modification)
2024-10-23T09:36:47.295+07:00  INFO 41030 --- [project-management] [Thread-35] j.LocalContainerEntityManagerFactoryBean : Closing JPA EntityManagerFactory for persistence unit 'default'
2024-10-23T09:36:47.296+07:00  INFO 41030 --- [project-management] [Thread-35] com.zaxxer.hikari.HikariDataSource       : HikariPool-9 - Shutdown initiated...
2024-10-23T09:36:47.297+07:00  INFO 41030 --- [project-management] [Thread-35] com.zaxxer.hikari.HikariDataSource       : HikariPool-9 - Shutdown completed.
2024-10-23T09:36:47.373+07:00  INFO 41030 --- [project-management] [restartedMain] c.p.p.ProjectManagementApplication       : Starting ProjectManagementApplication using Java 21.0.4 with PID 41030 (/home/tuan/Documents/Code/Java/Advanced/Spring Boot/Project-management/target/classes started by tuan in /home/tuan/Documents/Code/Java/Advanced/Spring Boot/Project-management)
2024-10-23T09:36:47.373+07:00  INFO 41030 --- [project-management] [restartedMain] c.p.p.ProjectManagementApplication       : No active profile set, falling back to 1 default profile: "default"
2024-10-23T09:36:47.452+07:00  INFO 41030 --- [project-management] [restartedMain] .s.d.r.c.RepositoryConfigurationDelegate : Bootstrapping Spring Data JPA repositories in DEFAULT mode.
2024-10-23T09:36:47.454+07:00  INFO 41030 --- [project-management] [restartedMain] .s.d.r.c.RepositoryConfigurationDelegate : Finished Spring Data repository scanning in 1 ms. Found 0 JPA repository interfaces.
2024-10-23T09:36:47.514+07:00  INFO 41030 --- [project-management] [restartedMain] o.s.b.w.embedded.tomcat.TomcatWebServer  : Tomcat initialized with port 8000 (http)
2024-10-23T09:36:47.514+07:00  INFO 41030 --- [project-management] [restartedMain] o.a.catalina.core.AprLifecycleListener   : Loaded Apache Tomcat Native library [2.0.8] using APR version [1.7.5].
2024-10-23T09:36:47.514+07:00  INFO 41030 --- [project-management] [restartedMain] o.a.catalina.core.AprLifecycleListener   : OpenSSL successfully initialized [OpenSSL 3.3.2 3 Sep 2024]
2024-10-23T09:36:47.515+07:00  INFO 41030 --- [project-management] [restartedMain] o.apache.catalina.core.StandardService   : Starting service [Tomcat]
2024-10-23T09:36:47.515+07:00  INFO 41030 --- [project-management] [restartedMain] o.apache.catalina.core.StandardEngine    : Starting Servlet engine: [Apache Tomcat/10.1.30]
2024-10-23T09:36:47.521+07:00  INFO 41030 --- [project-management] [restartedMain] o.a.c.c.C.[Tomcat].[localhost].[/]       : Initializing Spring embedded WebApplicationContext
2024-10-23T09:36:47.521+07:00  INFO 41030 --- [project-management] [restartedMain] w.s.c.ServletWebServerApplicationContext : Root WebApplicationContext: initialization completed in 147 ms
2024-10-23T09:36:47.555+07:00  INFO 41030 --- [project-management] [restartedMain] o.hibernate.jpa.internal.util.LogHelper  : HHH000204: Processing PersistenceUnitInfo [name: default]
2024-10-23T09:36:47.556+07:00  INFO 41030 --- [project-management] [restartedMain] o.h.c.internal.RegionFactoryInitiator    : HHH000026: Second-level cache disabled
2024-10-23T09:36:47.562+07:00  INFO 41030 --- [project-management] [restartedMain] o.s.o.j.p.SpringPersistenceUnitInfo      : No LoadTimeWeaver setup: ignoring JPA class transformer
2024-10-23T09:36:47.563+07:00  INFO 41030 --- [project-management] [restartedMain] com.zaxxer.hikari.HikariDataSource       : HikariPool-10 - Starting...
2024-10-23T09:36:47.569+07:00  INFO 41030 --- [project-management] [restartedMain] com.zaxxer.hikari.pool.HikariPool        : HikariPool-10 - Added connection org.postgresql.jdbc.PgConnection@120588ab
2024-10-23T09:36:47.570+07:00  INFO 41030 --- [project-management] [restartedMain] com.zaxxer.hikari.HikariDataSource       : HikariPool-10 - Start completed.
2024-10-23T09:36:47.573+07:00  WARN 41030 --- [project-management] [restartedMain] org.hibernate.orm.deprecation            : HHH90000025: PostgreSQLDialect does not need to be specified explicitly using 'hibernate.dialect' (remove the property setting and it will be selected by default)
2024-10-23T09:36:47.587+07:00  INFO 41030 --- [project-management] [restartedMain] o.h.e.t.j.p.i.JtaPlatformInitiator       : HHH000489: No JTA platform available (set 'hibernate.transaction.jta.platform' to enable JTA platform integration)
2024-10-23T09:36:47.588+07:00  INFO 41030 --- [project-management] [restartedMain] j.LocalContainerEntityManagerFactoryBean : Initialized JPA EntityManagerFactory for persistence unit 'default'
2024-10-23T09:36:47.593+07:00  INFO 41030 --- [project-management] [restartedMain] startup-reset                            : Application restarted, clearing old logs.
2024-10-23T09:36:47.621+07:00  WARN 41030 --- [project-management] [restartedMain] JpaBaseConfiguration$JpaWebConfiguration : spring.jpa.open-in-view is enabled by default. Therefore, database queries may be performed during view rendering. Explicitly configure spring.jpa.open-in-view to disable this warning
2024-10-23T09:36:47.628+07:00  INFO 41030 --- [project-management] [restartedMain] r$InitializeUserDetailsManagerConfigurer : Global AuthenticationManager configured with UserDetailsService bean with name userDetailsService
2024-10-23T09:36:47.688+07:00 DEBUG 41030 --- [project-management] [restartedMain] o.s.s.web.DefaultSecurityFilterChain     : Will secure any request with filters: DisableEncodeUrlFilter, WebAsyncManagerIntegrationFilter, SecurityContextHolderFilter, HeaderWriterFilter, CorsFilter, LogoutFilter, UsernamePasswordAuthenticationFilter, DefaultLoginPageGeneratingFilter, DefaultLogoutPageGeneratingFilter, RequestCacheAwareFilter, SecurityContextHolderAwareRequestFilter, AnonymousAuthenticationFilter, ExceptionTranslationFilter, AuthorizationFilter
2024-10-23T09:36:47.741+07:00  INFO 41030 --- [project-management] [restartedMain] o.s.b.d.a.OptionalLiveReloadServer       : LiveReload server is running on port 35729
2024-10-23T09:36:47.745+07:00  INFO 41030 --- [project-management] [restartedMain] o.s.b.w.embedded.tomcat.TomcatWebServer  : Tomcat started on port 8000 (http) with context path '/'
2024-10-23T09:36:47.747+07:00  INFO 41030 --- [project-management] [restartedMain] c.p.p.ProjectManagementApplication       : Started ProjectManagementApplication in 0.394 seconds (process running for 22.833)
2024-10-23T09:36:47.747+07:00  INFO 41030 --- [project-management] [restartedMain] .ConditionEvaluationDeltaLoggingListener : Condition evaluation unchanged
2024-10-23T09:36:49.144+07:00  INFO 41030 --- [project-management] [File Watcher] rtingClassPathChangeChangedEventListener : Restarting due to 1 class path change (0 additions, 0 deletions, 1 modification)
2024-10-23T09:36:49.148+07:00  INFO 41030 --- [project-management] [Thread-39] j.LocalContainerEntityManagerFactoryBean : Closing JPA EntityManagerFactory for persistence unit 'default'
2024-10-23T09:36:49.148+07:00  INFO 41030 --- [project-management] [Thread-39] com.zaxxer.hikari.HikariDataSource       : HikariPool-10 - Shutdown initiated...
2024-10-23T09:36:49.150+07:00  INFO 41030 --- [project-management] [Thread-39] com.zaxxer.hikari.HikariDataSource       : HikariPool-10 - Shutdown completed.
2024-10-23T09:36:49.218+07:00  INFO 41030 --- [project-management] [restartedMain] c.p.p.ProjectManagementApplication       : Starting ProjectManagementApplication using Java 21.0.4 with PID 41030 (/home/tuan/Documents/Code/Java/Advanced/Spring Boot/Project-management/target/classes started by tuan in /home/tuan/Documents/Code/Java/Advanced/Spring Boot/Project-management)
2024-10-23T09:36:49.219+07:00  INFO 41030 --- [project-management] [restartedMain] c.p.p.ProjectManagementApplication       : No active profile set, falling back to 1 default profile: "default"
2024-10-23T09:36:49.301+07:00  INFO 41030 --- [project-management] [restartedMain] .s.d.r.c.RepositoryConfigurationDelegate : Bootstrapping Spring Data JPA repositories in DEFAULT mode.
2024-10-23T09:36:49.303+07:00  INFO 41030 --- [project-management] [restartedMain] .s.d.r.c.RepositoryConfigurationDelegate : Finished Spring Data repository scanning in 2 ms. Found 0 JPA repository interfaces.
2024-10-23T09:36:49.369+07:00  INFO 41030 --- [project-management] [restartedMain] o.s.b.w.embedded.tomcat.TomcatWebServer  : Tomcat initialized with port 8000 (http)
2024-10-23T09:36:49.370+07:00  INFO 41030 --- [project-management] [restartedMain] o.a.catalina.core.AprLifecycleListener   : Loaded Apache Tomcat Native library [2.0.8] using APR version [1.7.5].
2024-10-23T09:36:49.370+07:00  INFO 41030 --- [project-management] [restartedMain] o.a.catalina.core.AprLifecycleListener   : OpenSSL successfully initialized [OpenSSL 3.3.2 3 Sep 2024]
2024-10-23T09:36:49.371+07:00  INFO 41030 --- [project-management] [restartedMain] o.apache.catalina.core.StandardService   : Starting service [Tomcat]
2024-10-23T09:36:49.371+07:00  INFO 41030 --- [project-management] [restartedMain] o.apache.catalina.core.StandardEngine    : Starting Servlet engine: [Apache Tomcat/10.1.30]
2024-10-23T09:36:49.377+07:00  INFO 41030 --- [project-management] [restartedMain] o.a.c.c.C.[Tomcat].[localhost].[/]       : Initializing Spring embedded WebApplicationContext
2024-10-23T09:36:49.377+07:00  INFO 41030 --- [project-management] [restartedMain] w.s.c.ServletWebServerApplicationContext : Root WebApplicationContext: initialization completed in 157 ms
2024-10-23T09:36:49.413+07:00  INFO 41030 --- [project-management] [restartedMain] o.hibernate.jpa.internal.util.LogHelper  : HHH000204: Processing PersistenceUnitInfo [name: default]
2024-10-23T09:36:49.415+07:00  INFO 41030 --- [project-management] [restartedMain] o.h.c.internal.RegionFactoryInitiator    : HHH000026: Second-level cache disabled
2024-10-23T09:36:49.420+07:00  INFO 41030 --- [project-management] [restartedMain] o.s.o.j.p.SpringPersistenceUnitInfo      : No LoadTimeWeaver setup: ignoring JPA class transformer
2024-10-23T09:36:49.421+07:00  INFO 41030 --- [project-management] [restartedMain] com.zaxxer.hikari.HikariDataSource       : HikariPool-11 - Starting...
2024-10-23T09:36:49.428+07:00  INFO 41030 --- [project-management] [restartedMain] com.zaxxer.hikari.pool.HikariPool        : HikariPool-11 - Added connection org.postgresql.jdbc.PgConnection@360e6c2
2024-10-23T09:36:49.428+07:00  INFO 41030 --- [project-management] [restartedMain] com.zaxxer.hikari.HikariDataSource       : HikariPool-11 - Start completed.
2024-10-23T09:36:49.433+07:00  WARN 41030 --- [project-management] [restartedMain] org.hibernate.orm.deprecation            : HHH90000025: PostgreSQLDialect does not need to be specified explicitly using 'hibernate.dialect' (remove the property setting and it will be selected by default)
2024-10-23T09:36:49.449+07:00  INFO 41030 --- [project-management] [restartedMain] o.h.e.t.j.p.i.JtaPlatformInitiator       : HHH000489: No JTA platform available (set 'hibernate.transaction.jta.platform' to enable JTA platform integration)
2024-10-23T09:36:49.449+07:00  INFO 41030 --- [project-management] [restartedMain] j.LocalContainerEntityManagerFactoryBean : Initialized JPA EntityManagerFactory for persistence unit 'default'
2024-10-23T09:36:49.456+07:00  INFO 41030 --- [project-management] [restartedMain] startup-reset                            : Application restarted, clearing old logs.
2024-10-23T09:36:49.479+07:00  WARN 41030 --- [project-management] [restartedMain] JpaBaseConfiguration$JpaWebConfiguration : spring.jpa.open-in-view is enabled by default. Therefore, database queries may be performed during view rendering. Explicitly configure spring.jpa.open-in-view to disable this warning
2024-10-23T09:36:49.488+07:00  INFO 41030 --- [project-management] [restartedMain] r$InitializeUserDetailsManagerConfigurer : Global AuthenticationManager configured with UserDetailsService bean with name userDetailsService
2024-10-23T09:36:49.552+07:00 DEBUG 41030 --- [project-management] [restartedMain] o.s.s.web.DefaultSecurityFilterChain     : Will secure any request with filters: DisableEncodeUrlFilter, WebAsyncManagerIntegrationFilter, SecurityContextHolderFilter, HeaderWriterFilter, CorsFilter, LogoutFilter, UsernamePasswordAuthenticationFilter, DefaultLoginPageGeneratingFilter, DefaultLogoutPageGeneratingFilter, RequestCacheAwareFilter, SecurityContextHolderAwareRequestFilter, AnonymousAuthenticationFilter, ExceptionTranslationFilter, AuthorizationFilter
2024-10-23T09:36:49.623+07:00  INFO 41030 --- [project-management] [restartedMain] o.s.b.d.a.OptionalLiveReloadServer       : LiveReload server is running on port 35729
2024-10-23T09:36:49.628+07:00  INFO 41030 --- [project-management] [restartedMain] o.s.b.w.embedded.tomcat.TomcatWebServer  : Tomcat started on port 8000 (http) with context path '/'
2024-10-23T09:36:49.630+07:00  INFO 41030 --- [project-management] [restartedMain] c.p.p.ProjectManagementApplication       : Started ProjectManagementApplication in 0.429 seconds (process running for 24.716)
2024-10-23T09:36:49.631+07:00  INFO 41030 --- [project-management] [restartedMain] .ConditionEvaluationDeltaLoggingListener : Condition evaluation unchanged
2024-10-23T09:36:51.025+07:00  INFO 41030 --- [project-management] [File Watcher] rtingClassPathChangeChangedEventListener : Restarting due to 1 class path change (0 additions, 0 deletions, 1 modification)
2024-10-23T09:36:51.028+07:00  INFO 41030 --- [project-management] [Thread-43] j.LocalContainerEntityManagerFactoryBean : Closing JPA EntityManagerFactory for persistence unit 'default'
2024-10-23T09:36:51.028+07:00  INFO 41030 --- [project-management] [Thread-43] com.zaxxer.hikari.HikariDataSource       : HikariPool-11 - Shutdown initiated...
2024-10-23T09:36:51.029+07:00  INFO 41030 --- [project-management] [Thread-43] com.zaxxer.hikari.HikariDataSource       : HikariPool-11 - Shutdown completed.
2024-10-23T09:36:51.112+07:00  INFO 41030 --- [project-management] [restartedMain] c.p.p.ProjectManagementApplication       : Starting ProjectManagementApplication using Java 21.0.4 with PID 41030 (/home/tuan/Documents/Code/Java/Advanced/Spring Boot/Project-management/target/classes started by tuan in /home/tuan/Documents/Code/Java/Advanced/Spring Boot/Project-management)
2024-10-23T09:36:51.113+07:00  INFO 41030 --- [project-management] [restartedMain] c.p.p.ProjectManagementApplication       : No active profile set, falling back to 1 default profile: "default"
2024-10-23T09:36:51.264+07:00  INFO 41030 --- [project-management] [restartedMain] .s.d.r.c.RepositoryConfigurationDelegate : Bootstrapping Spring Data JPA repositories in DEFAULT mode.
2024-10-23T09:36:51.268+07:00  INFO 41030 --- [project-management] [restartedMain] .s.d.r.c.RepositoryConfigurationDelegate : Finished Spring Data repository scanning in 3 ms. Found 0 JPA repository interfaces.
2024-10-23T09:36:51.403+07:00  INFO 41030 --- [project-management] [restartedMain] o.s.b.w.embedded.tomcat.TomcatWebServer  : Tomcat initialized with port 8000 (http)
2024-10-23T09:36:51.404+07:00  INFO 41030 --- [project-management] [restartedMain] o.a.catalina.core.AprLifecycleListener   : Loaded Apache Tomcat Native library [2.0.8] using APR version [1.7.5].
2024-10-23T09:36:51.405+07:00  INFO 41030 --- [project-management] [restartedMain] o.a.catalina.core.AprLifecycleListener   : OpenSSL successfully initialized [OpenSSL 3.3.2 3 Sep 2024]
2024-10-23T09:36:51.406+07:00  INFO 41030 --- [project-management] [restartedMain] o.apache.catalina.core.StandardService   : Starting service [Tomcat]
2024-10-23T09:36:51.407+07:00  INFO 41030 --- [project-management] [restartedMain] o.apache.catalina.core.StandardEngine    : Starting Servlet engine: [Apache Tomcat/10.1.30]
2024-10-23T09:36:51.416+07:00  INFO 41030 --- [project-management] [restartedMain] o.a.c.c.C.[Tomcat].[localhost].[/]       : Initializing Spring embedded WebApplicationContext
2024-10-23T09:36:51.417+07:00  INFO 41030 --- [project-management] [restartedMain] w.s.c.ServletWebServerApplicationContext : Root WebApplicationContext: initialization completed in 303 ms
2024-10-23T09:36:51.482+07:00  INFO 41030 --- [project-management] [restartedMain] o.hibernate.jpa.internal.util.LogHelper  : HHH000204: Processing PersistenceUnitInfo [name: default]
2024-10-23T09:36:51.484+07:00  INFO 41030 --- [project-management] [restartedMain] o.h.c.internal.RegionFactoryInitiator    : HHH000026: Second-level cache disabled
2024-10-23T09:36:51.492+07:00  INFO 41030 --- [project-management] [restartedMain] o.s.o.j.p.SpringPersistenceUnitInfo      : No LoadTimeWeaver setup: ignoring JPA class transformer
2024-10-23T09:36:51.493+07:00  INFO 41030 --- [project-management] [restartedMain] com.zaxxer.hikari.HikariDataSource       : HikariPool-12 - Starting...
2024-10-23T09:36:51.501+07:00  INFO 41030 --- [project-management] [restartedMain] com.zaxxer.hikari.pool.HikariPool        : HikariPool-12 - Added connection org.postgresql.jdbc.PgConnection@1c892803
2024-10-23T09:36:51.501+07:00  INFO 41030 --- [project-management] [restartedMain] com.zaxxer.hikari.HikariDataSource       : HikariPool-12 - Start completed.
2024-10-23T09:36:51.505+07:00  WARN 41030 --- [project-management] [restartedMain] org.hibernate.orm.deprecation            : HHH90000025: PostgreSQLDialect does not need to be specified explicitly using 'hibernate.dialect' (remove the property setting and it will be selected by default)
2024-10-23T09:36:51.522+07:00  INFO 41030 --- [project-management] [restartedMain] o.h.e.t.j.p.i.JtaPlatformInitiator       : HHH000489: No JTA platform available (set 'hibernate.transaction.jta.platform' to enable JTA platform integration)
2024-10-23T09:36:51.522+07:00  INFO 41030 --- [project-management] [restartedMain] j.LocalContainerEntityManagerFactoryBean : Initialized JPA EntityManagerFactory for persistence unit 'default'
2024-10-23T09:36:51.534+07:00  INFO 41030 --- [project-management] [restartedMain] startup-reset                            : Application restarted, clearing old logs.
2024-10-23T09:36:51.558+07:00  WARN 41030 --- [project-management] [restartedMain] JpaBaseConfiguration$JpaWebConfiguration : spring.jpa.open-in-view is enabled by default. Therefore, database queries may be performed during view rendering. Explicitly configure spring.jpa.open-in-view to disable this warning
2024-10-23T09:36:51.567+07:00  INFO 41030 --- [project-management] [restartedMain] r$InitializeUserDetailsManagerConfigurer : Global AuthenticationManager configured with UserDetailsService bean with name userDetailsService
2024-10-23T09:36:51.647+07:00 DEBUG 41030 --- [project-management] [restartedMain] o.s.s.web.DefaultSecurityFilterChain     : Will secure any request with filters: DisableEncodeUrlFilter, WebAsyncManagerIntegrationFilter, SecurityContextHolderFilter, HeaderWriterFilter, CorsFilter, LogoutFilter, UsernamePasswordAuthenticationFilter, DefaultLoginPageGeneratingFilter, DefaultLogoutPageGeneratingFilter, RequestCacheAwareFilter, SecurityContextHolderAwareRequestFilter, AnonymousAuthenticationFilter, ExceptionTranslationFilter, AuthorizationFilter
2024-10-23T09:36:51.724+07:00  INFO 41030 --- [project-management] [restartedMain] o.s.b.d.a.OptionalLiveReloadServer       : LiveReload server is running on port 35729
2024-10-23T09:36:51.729+07:00  INFO 41030 --- [project-management] [restartedMain] o.s.b.w.embedded.tomcat.TomcatWebServer  : Tomcat started on port 8000 (http) with context path '/'
2024-10-23T09:36:51.732+07:00  INFO 41030 --- [project-management] [restartedMain] c.p.p.ProjectManagementApplication       : Started ProjectManagementApplication in 0.639 seconds (process running for 26.818)
2024-10-23T09:36:51.733+07:00  INFO 41030 --- [project-management] [restartedMain] .ConditionEvaluationDeltaLoggingListener : Condition evaluation unchanged
2024-10-23T09:36:53.126+07:00  INFO 41030 --- [project-management] [File Watcher] rtingClassPathChangeChangedEventListener : Restarting due to 1 class path change (0 additions, 0 deletions, 1 modification)
2024-10-23T09:36:53.130+07:00  INFO 41030 --- [project-management] [Thread-47] j.LocalContainerEntityManagerFactoryBean : Closing JPA EntityManagerFactory for persistence unit 'default'
2024-10-23T09:36:53.130+07:00  INFO 41030 --- [project-management] [Thread-47] com.zaxxer.hikari.HikariDataSource       : HikariPool-12 - Shutdown initiated...
2024-10-23T09:36:53.135+07:00  INFO 41030 --- [project-management] [Thread-47] com.zaxxer.hikari.HikariDataSource       : HikariPool-12 - Shutdown completed.
2024-10-23T09:36:53.212+07:00  INFO 41030 --- [project-management] [restartedMain] c.p.p.ProjectManagementApplication       : Starting ProjectManagementApplication using Java 21.0.4 with PID 41030 (/home/tuan/Documents/Code/Java/Advanced/Spring Boot/Project-management/target/classes started by tuan in /home/tuan/Documents/Code/Java/Advanced/Spring Boot/Project-management)
2024-10-23T09:36:53.213+07:00  INFO 41030 --- [project-management] [restartedMain] c.p.p.ProjectManagementApplication       : No active profile set, falling back to 1 default profile: "default"
2024-10-23T09:36:53.301+07:00  INFO 41030 --- [project-management] [restartedMain] .s.d.r.c.RepositoryConfigurationDelegate : Bootstrapping Spring Data JPA repositories in DEFAULT mode.
2024-10-23T09:36:53.303+07:00  INFO 41030 --- [project-management] [restartedMain] .s.d.r.c.RepositoryConfigurationDelegate : Finished Spring Data repository scanning in 1 ms. Found 0 JPA repository interfaces.
2024-10-23T09:36:53.366+07:00  INFO 41030 --- [project-management] [restartedMain] o.s.b.w.embedded.tomcat.TomcatWebServer  : Tomcat initialized with port 8000 (http)
2024-10-23T09:36:53.366+07:00  INFO 41030 --- [project-management] [restartedMain] o.a.catalina.core.AprLifecycleListener   : Loaded Apache Tomcat Native library [2.0.8] using APR version [1.7.5].
2024-10-23T09:36:53.366+07:00  INFO 41030 --- [project-management] [restartedMain] o.a.catalina.core.AprLifecycleListener   : OpenSSL successfully initialized [OpenSSL 3.3.2 3 Sep 2024]
2024-10-23T09:36:53.367+07:00  INFO 41030 --- [project-management] [restartedMain] o.apache.catalina.core.StandardService   : Starting service [Tomcat]
2024-10-23T09:36:53.367+07:00  INFO 41030 --- [project-management] [restartedMain] o.apache.catalina.core.StandardEngine    : Starting Servlet engine: [Apache Tomcat/10.1.30]
2024-10-23T09:36:53.373+07:00  INFO 41030 --- [project-management] [restartedMain] o.a.c.c.C.[Tomcat].[localhost].[/]       : Initializing Spring embedded WebApplicationContext
2024-10-23T09:36:53.373+07:00  INFO 41030 --- [project-management] [restartedMain] w.s.c.ServletWebServerApplicationContext : Root WebApplicationContext: initialization completed in 158 ms
2024-10-23T09:36:53.410+07:00  INFO 41030 --- [project-management] [restartedMain] o.hibernate.jpa.internal.util.LogHelper  : HHH000204: Processing PersistenceUnitInfo [name: default]
2024-10-23T09:36:53.412+07:00  INFO 41030 --- [project-management] [restartedMain] o.h.c.internal.RegionFactoryInitiator    : HHH000026: Second-level cache disabled
2024-10-23T09:36:53.418+07:00  INFO 41030 --- [project-management] [restartedMain] o.s.o.j.p.SpringPersistenceUnitInfo      : No LoadTimeWeaver setup: ignoring JPA class transformer
2024-10-23T09:36:53.419+07:00  INFO 41030 --- [project-management] [restartedMain] com.zaxxer.hikari.HikariDataSource       : HikariPool-13 - Starting...
2024-10-23T09:36:53.425+07:00  INFO 41030 --- [project-management] [restartedMain] com.zaxxer.hikari.pool.HikariPool        : HikariPool-13 - Added connection org.postgresql.jdbc.PgConnection@4b7fad0b
2024-10-23T09:36:53.425+07:00  INFO 41030 --- [project-management] [restartedMain] com.zaxxer.hikari.HikariDataSource       : HikariPool-13 - Start completed.
2024-10-23T09:36:53.428+07:00  WARN 41030 --- [project-management] [restartedMain] org.hibernate.orm.deprecation            : HHH90000025: PostgreSQLDialect does not need to be specified explicitly using 'hibernate.dialect' (remove the property setting and it will be selected by default)
2024-10-23T09:36:53.444+07:00  INFO 41030 --- [project-management] [restartedMain] o.h.e.t.j.p.i.JtaPlatformInitiator       : HHH000489: No JTA platform available (set 'hibernate.transaction.jta.platform' to enable JTA platform integration)
2024-10-23T09:36:53.445+07:00  INFO 41030 --- [project-management] [restartedMain] j.LocalContainerEntityManagerFactoryBean : Initialized JPA EntityManagerFactory for persistence unit 'default'
2024-10-23T09:36:53.451+07:00  INFO 41030 --- [project-management] [restartedMain] startup-reset                            : Application restarted, clearing old logs.
2024-10-23T09:36:53.472+07:00  WARN 41030 --- [project-management] [restartedMain] JpaBaseConfiguration$JpaWebConfiguration : spring.jpa.open-in-view is enabled by default. Therefore, database queries may be performed during view rendering. Explicitly configure spring.jpa.open-in-view to disable this warning
2024-10-23T09:36:53.481+07:00  INFO 41030 --- [project-management] [restartedMain] r$InitializeUserDetailsManagerConfigurer : Global AuthenticationManager configured with UserDetailsService bean with name userDetailsService
2024-10-23T09:36:53.544+07:00 DEBUG 41030 --- [project-management] [restartedMain] o.s.s.web.DefaultSecurityFilterChain     : Will secure any request with filters: DisableEncodeUrlFilter, WebAsyncManagerIntegrationFilter, SecurityContextHolderFilter, HeaderWriterFilter, CorsFilter, LogoutFilter, UsernamePasswordAuthenticationFilter, DefaultLoginPageGeneratingFilter, DefaultLogoutPageGeneratingFilter, RequestCacheAwareFilter, SecurityContextHolderAwareRequestFilter, AnonymousAuthenticationFilter, ExceptionTranslationFilter, AuthorizationFilter
2024-10-23T09:36:53.607+07:00  INFO 41030 --- [project-management] [restartedMain] o.s.b.d.a.OptionalLiveReloadServer       : LiveReload server is running on port 35729
2024-10-23T09:36:53.612+07:00  INFO 41030 --- [project-management] [restartedMain] o.s.b.w.embedded.tomcat.TomcatWebServer  : Tomcat started on port 8000 (http) with context path '/'
2024-10-23T09:36:53.614+07:00  INFO 41030 --- [project-management] [restartedMain] c.p.p.ProjectManagementApplication       : Started ProjectManagementApplication in 0.422 seconds (process running for 28.7)
2024-10-23T09:36:53.615+07:00  INFO 41030 --- [project-management] [restartedMain] .ConditionEvaluationDeltaLoggingListener : Condition evaluation unchanged
2024-10-23T09:36:54.468+07:00  INFO 41030 --- [project-management] [SpringApplicationShutdownHook] j.LocalContainerEntityManagerFactoryBean : Closing JPA EntityManagerFactory for persistence unit 'default'
2024-10-23T09:36:54.468+07:00  INFO 41030 --- [project-management] [SpringApplicationShutdownHook] com.zaxxer.hikari.HikariDataSource       : HikariPool-13 - Shutdown initiated...
2024-10-23T09:36:54.473+07:00  INFO 41030 --- [project-management] [SpringApplicationShutdownHook] com.zaxxer.hikari.HikariDataSource       : HikariPool-13 - Shutdown completed.
