2024-10-23T09:48:40.359+07:00  INFO 48693 --- [project-management] [restartedMain] c.p.p.ProjectManagementApplication       : Starting ProjectManagementApplication using Java 21.0.4 with PID 48693 (/home/tuan/Documents/Code/Java/Advanced/Spring Boot/Project-management/target/classes started by tuan in /home/tuan/Documents/Code/Java/Advanced/Spring Boot/Project-management)
2024-10-23T09:48:40.365+07:00  INFO 48693 --- [project-management] [restartedMain] c.p.p.ProjectManagementApplication       : No active profile set, falling back to 1 default profile: "default"
2024-10-23T09:48:40.421+07:00  INFO 48693 --- [project-management] [restartedMain] .e.DevToolsPropertyDefaultsPostProcessor : Devtools property defaults active! Set 'spring.devtools.add-properties' to 'false' to disable
2024-10-23T09:48:40.421+07:00  INFO 48693 --- [project-management] [restartedMain] .e.DevToolsPropertyDefaultsPostProcessor : For additional web related logging consider setting the 'logging.level.web' property to 'DEBUG'
2024-10-23T09:48:41.044+07:00  INFO 48693 --- [project-management] [restartedMain] .s.d.r.c.RepositoryConfigurationDelegate : Bootstrapping Spring Data JPA repositories in DEFAULT mode.
2024-10-23T09:48:41.074+07:00  INFO 48693 --- [project-management] [restartedMain] .s.d.r.c.RepositoryConfigurationDelegate : Finished Spring Data repository scanning in 21 ms. Found 0 JPA repository interfaces.
2024-10-23T09:48:41.675+07:00  INFO 48693 --- [project-management] [restartedMain] o.s.b.w.embedded.tomcat.TomcatWebServer  : Tomcat initialized with port 8000 (http)
2024-10-23T09:48:41.680+07:00  INFO 48693 --- [project-management] [restartedMain] o.a.catalina.core.AprLifecycleListener   : Loaded Apache Tomcat Native library [2.0.8] using APR version [1.7.5].
2024-10-23T09:48:41.684+07:00  INFO 48693 --- [project-management] [restartedMain] o.a.catalina.core.AprLifecycleListener   : OpenSSL successfully initialized [OpenSSL 3.3.2 3 Sep 2024]
2024-10-23T09:48:41.698+07:00  INFO 48693 --- [project-management] [restartedMain] o.apache.catalina.core.StandardService   : Starting service [Tomcat]
2024-10-23T09:48:41.698+07:00  INFO 48693 --- [project-management] [restartedMain] o.apache.catalina.core.StandardEngine    : Starting Servlet engine: [Apache Tomcat/10.1.30]
2024-10-23T09:48:41.747+07:00  INFO 48693 --- [project-management] [restartedMain] o.a.c.c.C.[Tomcat].[localhost].[/]       : Initializing Spring embedded WebApplicationContext
2024-10-23T09:48:41.748+07:00  INFO 48693 --- [project-management] [restartedMain] w.s.c.ServletWebServerApplicationContext : Root WebApplicationContext: initialization completed in 1326 ms
2024-10-23T09:48:41.971+07:00  INFO 48693 --- [project-management] [restartedMain] o.hibernate.jpa.internal.util.LogHelper  : HHH000204: Processing PersistenceUnitInfo [name: default]
2024-10-23T09:48:42.016+07:00  INFO 48693 --- [project-management] [restartedMain] org.hibernate.Version                    : HHH000412: Hibernate ORM core version 6.5.3.Final
2024-10-23T09:48:42.046+07:00  INFO 48693 --- [project-management] [restartedMain] o.h.c.internal.RegionFactoryInitiator    : HHH000026: Second-level cache disabled
2024-10-23T09:48:42.266+07:00  INFO 48693 --- [project-management] [restartedMain] o.s.o.j.p.SpringPersistenceUnitInfo      : No LoadTimeWeaver setup: ignoring JPA class transformer
2024-10-23T09:48:42.291+07:00  INFO 48693 --- [project-management] [restartedMain] com.zaxxer.hikari.HikariDataSource       : HikariPool-1 - Starting...
2024-10-23T09:48:42.382+07:00  INFO 48693 --- [project-management] [restartedMain] com.zaxxer.hikari.pool.HikariPool        : HikariPool-1 - Added connection org.postgresql.jdbc.PgConnection@4b97658f
2024-10-23T09:48:42.383+07:00  INFO 48693 --- [project-management] [restartedMain] com.zaxxer.hikari.HikariDataSource       : HikariPool-1 - Start completed.
2024-10-23T09:48:42.413+07:00  WARN 48693 --- [project-management] [restartedMain] org.hibernate.orm.deprecation            : HHH90000025: PostgreSQLDialect does not need to be specified explicitly using 'hibernate.dialect' (remove the property setting and it will be selected by default)
2024-10-23T09:48:42.705+07:00  INFO 48693 --- [project-management] [restartedMain] o.h.e.t.j.p.i.JtaPlatformInitiator       : HHH000489: No JTA platform available (set 'hibernate.transaction.jta.platform' to enable JTA platform integration)
2024-10-23T09:48:42.709+07:00  INFO 48693 --- [project-management] [restartedMain] j.LocalContainerEntityManagerFactoryBean : Initialized JPA EntityManagerFactory for persistence unit 'default'
2024-10-23T09:48:42.726+07:00  INFO 48693 --- [project-management] [restartedMain] startup-reset                            : Application restarted, clearing old logs.
2024-10-23T09:48:42.825+07:00  WARN 48693 --- [project-management] [restartedMain] JpaBaseConfiguration$JpaWebConfiguration : spring.jpa.open-in-view is enabled by default. Therefore, database queries may be performed during view rendering. Explicitly configure spring.jpa.open-in-view to disable this warning
2024-10-23T09:48:42.862+07:00  INFO 48693 --- [project-management] [restartedMain] r$InitializeUserDetailsManagerConfigurer : Global AuthenticationManager configured with UserDetailsService bean with name userDetailsService
2024-10-23T09:48:43.198+07:00 DEBUG 48693 --- [project-management] [restartedMain] o.s.s.web.DefaultSecurityFilterChain     : Will secure any request with filters: DisableEncodeUrlFilter, WebAsyncManagerIntegrationFilter, SecurityContextHolderFilter, HeaderWriterFilter, CorsFilter, LogoutFilter, UsernamePasswordAuthenticationFilter, DefaultLoginPageGeneratingFilter, DefaultLogoutPageGeneratingFilter, RequestCacheAwareFilter, SecurityContextHolderAwareRequestFilter, AnonymousAuthenticationFilter, ExceptionTranslationFilter, AuthorizationFilter
2024-10-23T09:48:43.474+07:00  INFO 48693 --- [project-management] [restartedMain] o.s.b.d.a.OptionalLiveReloadServer       : LiveReload server is running on port 35729
2024-10-23T09:48:43.506+07:00  INFO 48693 --- [project-management] [restartedMain] o.s.b.w.embedded.tomcat.TomcatWebServer  : Tomcat started on port 8000 (http) with context path '/'
2024-10-23T09:48:43.517+07:00  INFO 48693 --- [project-management] [restartedMain] c.p.p.ProjectManagementApplication       : Started ProjectManagementApplication in 3.556 seconds (process running for 3.981)
2024-10-23T09:48:49.514+07:00  INFO 48693 --- [project-management] [http-nio-8000-exec-1] o.a.c.c.C.[Tomcat].[localhost].[/]       : Initializing Spring DispatcherServlet 'dispatcherServlet'
2024-10-23T09:48:49.514+07:00  INFO 48693 --- [project-management] [http-nio-8000-exec-1] o.s.web.servlet.DispatcherServlet        : Initializing Servlet 'dispatcherServlet'
2024-10-23T09:48:49.515+07:00  INFO 48693 --- [project-management] [http-nio-8000-exec-1] o.s.web.servlet.DispatcherServlet        : Completed initialization in 1 ms
2024-10-23T09:48:49.528+07:00 DEBUG 48693 --- [project-management] [http-nio-8000-exec-1] o.s.security.web.FilterChainProxy        : Securing GET /
2024-10-23T09:48:49.535+07:00 DEBUG 48693 --- [project-management] [http-nio-8000-exec-1] o.s.s.w.a.AnonymousAuthenticationFilter  : Set SecurityContextHolder to anonymous SecurityContext
2024-10-23T09:48:49.548+07:00 DEBUG 48693 --- [project-management] [http-nio-8000-exec-1] o.s.s.w.s.HttpSessionRequestCache        : Saved request http://localhost:8000/?continue to session
2024-10-23T09:48:49.549+07:00 DEBUG 48693 --- [project-management] [http-nio-8000-exec-1] o.s.s.web.DefaultRedirectStrategy        : Redirecting to http://localhost:8000/login
2024-10-23T09:48:49.576+07:00 DEBUG 48693 --- [project-management] [http-nio-8000-exec-2] o.s.security.web.FilterChainProxy        : Securing GET /login
2024-10-23T09:48:50.013+07:00 DEBUG 48693 --- [project-management] [http-nio-8000-exec-3] o.s.security.web.FilterChainProxy        : Securing GET /favicon.ico
2024-10-23T09:48:50.014+07:00 DEBUG 48693 --- [project-management] [http-nio-8000-exec-3] o.s.s.w.a.AnonymousAuthenticationFilter  : Set SecurityContextHolder to anonymous SecurityContext
2024-10-23T09:48:50.015+07:00 DEBUG 48693 --- [project-management] [http-nio-8000-exec-3] o.s.s.web.DefaultRedirectStrategy        : Redirecting to http://localhost:8000/login
2024-10-23T09:49:17.287+07:00 DEBUG 48693 --- [project-management] [http-nio-8000-exec-4] o.s.security.web.FilterChainProxy        : Securing POST /login
2024-10-23T09:49:17.496+07:00 DEBUG 48693 --- [project-management] [http-nio-8000-exec-4] o.s.s.a.dao.DaoAuthenticationProvider    : Authenticated user
2024-10-23T09:49:17.498+07:00 DEBUG 48693 --- [project-management] [http-nio-8000-exec-4] .s.ChangeSessionIdAuthenticationStrategy : Changed session id from 08CD09788F710EC5F1EA369FD4E0DBB4
2024-10-23T09:49:17.499+07:00 DEBUG 48693 --- [project-management] [http-nio-8000-exec-4] w.c.HttpSessionSecurityContextRepository : Stored SecurityContextImpl [Authentication=UsernamePasswordAuthenticationToken [Principal=org.springframework.security.core.userdetails.User [Username=member, Password=[PROTECTED], Enabled=true, AccountNonExpired=true, CredentialsNonExpired=true, AccountNonLocked=true, Granted Authorities=[ROLE_MEMBER]], Credentials=[PROTECTED], Authenticated=true, Details=WebAuthenticationDetails [RemoteIpAddress=127.0.0.1, SessionId=08CD09788F710EC5F1EA369FD4E0DBB4], Granted Authorities=[ROLE_MEMBER]]] to HttpSession [org.apache.catalina.session.StandardSessionFacade@7e8e0f8d]
2024-10-23T09:49:17.499+07:00 DEBUG 48693 --- [project-management] [http-nio-8000-exec-4] w.a.UsernamePasswordAuthenticationFilter : Set SecurityContextHolder to UsernamePasswordAuthenticationToken [Principal=org.springframework.security.core.userdetails.User [Username=member, Password=[PROTECTED], Enabled=true, AccountNonExpired=true, CredentialsNonExpired=true, AccountNonLocked=true, Granted Authorities=[ROLE_MEMBER]], Credentials=[PROTECTED], Authenticated=true, Details=WebAuthenticationDetails [RemoteIpAddress=127.0.0.1, SessionId=08CD09788F710EC5F1EA369FD4E0DBB4], Granted Authorities=[ROLE_MEMBER]]
2024-10-23T09:49:17.499+07:00 DEBUG 48693 --- [project-management] [http-nio-8000-exec-4] o.s.s.web.DefaultRedirectStrategy        : Redirecting to http://localhost:8000/?continue
2024-10-23T09:49:17.520+07:00 DEBUG 48693 --- [project-management] [http-nio-8000-exec-5] o.s.security.web.FilterChainProxy        : Securing GET /?continue
2024-10-23T09:49:17.522+07:00 DEBUG 48693 --- [project-management] [http-nio-8000-exec-5] o.s.s.w.s.HttpSessionRequestCache        : Loaded matching saved request http://localhost:8000/?continue
2024-10-23T09:49:17.524+07:00 DEBUG 48693 --- [project-management] [http-nio-8000-exec-5] w.c.HttpSessionSecurityContextRepository : Retrieved SecurityContextImpl [Authentication=UsernamePasswordAuthenticationToken [Principal=org.springframework.security.core.userdetails.User [Username=member, Password=[PROTECTED], Enabled=true, AccountNonExpired=true, CredentialsNonExpired=true, AccountNonLocked=true, Granted Authorities=[ROLE_MEMBER]], Credentials=[PROTECTED], Authenticated=true, Details=WebAuthenticationDetails [RemoteIpAddress=127.0.0.1, SessionId=08CD09788F710EC5F1EA369FD4E0DBB4], Granted Authorities=[ROLE_MEMBER]]]
2024-10-23T09:49:17.525+07:00 DEBUG 48693 --- [project-management] [http-nio-8000-exec-5] o.s.security.web.FilterChainProxy        : Secured GET /?continue
2024-10-23T09:49:17.572+07:00 DEBUG 48693 --- [project-management] [http-nio-8000-exec-5] o.s.security.web.FilterChainProxy        : Securing GET /error?continue
2024-10-23T09:49:17.573+07:00 DEBUG 48693 --- [project-management] [http-nio-8000-exec-5] w.c.HttpSessionSecurityContextRepository : Retrieved SecurityContextImpl [Authentication=UsernamePasswordAuthenticationToken [Principal=org.springframework.security.core.userdetails.User [Username=member, Password=[PROTECTED], Enabled=true, AccountNonExpired=true, CredentialsNonExpired=true, AccountNonLocked=true, Granted Authorities=[ROLE_MEMBER]], Credentials=[PROTECTED], Authenticated=true, Details=WebAuthenticationDetails [RemoteIpAddress=127.0.0.1, SessionId=08CD09788F710EC5F1EA369FD4E0DBB4], Granted Authorities=[ROLE_MEMBER]]]
2024-10-23T09:49:17.573+07:00 DEBUG 48693 --- [project-management] [http-nio-8000-exec-5] o.s.security.web.FilterChainProxy        : Secured GET /error?continue
2024-10-23T09:49:17.716+07:00 DEBUG 48693 --- [project-management] [http-nio-8000-exec-6] o.s.security.web.FilterChainProxy        : Securing GET /favicon.ico
2024-10-23T09:49:17.717+07:00 DEBUG 48693 --- [project-management] [http-nio-8000-exec-6] w.c.HttpSessionSecurityContextRepository : Retrieved SecurityContextImpl [Authentication=UsernamePasswordAuthenticationToken [Principal=org.springframework.security.core.userdetails.User [Username=member, Password=[PROTECTED], Enabled=true, AccountNonExpired=true, CredentialsNonExpired=true, AccountNonLocked=true, Granted Authorities=[ROLE_MEMBER]], Credentials=[PROTECTED], Authenticated=true, Details=WebAuthenticationDetails [RemoteIpAddress=127.0.0.1, SessionId=08CD09788F710EC5F1EA369FD4E0DBB4], Granted Authorities=[ROLE_MEMBER]]]
2024-10-23T09:49:17.718+07:00 DEBUG 48693 --- [project-management] [http-nio-8000-exec-6] o.s.security.web.FilterChainProxy        : Secured GET /favicon.ico
2024-10-23T09:49:17.722+07:00 DEBUG 48693 --- [project-management] [http-nio-8000-exec-6] o.s.security.web.FilterChainProxy        : Securing GET /error
2024-10-23T09:49:17.722+07:00 DEBUG 48693 --- [project-management] [http-nio-8000-exec-6] w.c.HttpSessionSecurityContextRepository : Retrieved SecurityContextImpl [Authentication=UsernamePasswordAuthenticationToken [Principal=org.springframework.security.core.userdetails.User [Username=member, Password=[PROTECTED], Enabled=true, AccountNonExpired=true, CredentialsNonExpired=true, AccountNonLocked=true, Granted Authorities=[ROLE_MEMBER]], Credentials=[PROTECTED], Authenticated=true, Details=WebAuthenticationDetails [RemoteIpAddress=127.0.0.1, SessionId=08CD09788F710EC5F1EA369FD4E0DBB4], Granted Authorities=[ROLE_MEMBER]]]
2024-10-23T09:49:17.723+07:00 DEBUG 48693 --- [project-management] [http-nio-8000-exec-6] o.s.security.web.FilterChainProxy        : Secured GET /error
2024-10-23T09:49:29.063+07:00 DEBUG 48693 --- [project-management] [http-nio-8000-exec-7] o.s.security.web.FilterChainProxy        : Securing GET /api/project/update
2024-10-23T09:49:29.064+07:00 DEBUG 48693 --- [project-management] [http-nio-8000-exec-7] w.c.HttpSessionSecurityContextRepository : Retrieved SecurityContextImpl [Authentication=UsernamePasswordAuthenticationToken [Principal=org.springframework.security.core.userdetails.User [Username=member, Password=[PROTECTED], Enabled=true, AccountNonExpired=true, CredentialsNonExpired=true, AccountNonLocked=true, Granted Authorities=[ROLE_MEMBER]], Credentials=[PROTECTED], Authenticated=true, Details=WebAuthenticationDetails [RemoteIpAddress=127.0.0.1, SessionId=08CD09788F710EC5F1EA369FD4E0DBB4], Granted Authorities=[ROLE_MEMBER]]]
2024-10-23T09:49:29.065+07:00 DEBUG 48693 --- [project-management] [http-nio-8000-exec-7] o.s.security.web.FilterChainProxy        : Secured GET /api/project/update
2024-10-23T09:49:29.070+07:00 DEBUG 48693 --- [project-management] [http-nio-8000-exec-7] horizationManagerBeforeMethodInterceptor : Authorizing method invocation ReflectiveMethodInvocation: public java.lang.String com.projectmanagement.project_management.controller.ProjectController.updateTask(); target is of class [com.projectmanagement.project_management.controller.ProjectController]
2024-10-23T09:49:29.074+07:00 DEBUG 48693 --- [project-management] [http-nio-8000-exec-7] horizationManagerBeforeMethodInterceptor : Authorized method invocation ReflectiveMethodInvocation: public java.lang.String com.projectmanagement.project_management.controller.ProjectController.updateTask(); target is of class [com.projectmanagement.project_management.controller.ProjectController]
2024-10-23T09:49:41.683+07:00 DEBUG 48693 --- [project-management] [http-nio-8000-exec-8] o.s.security.web.FilterChainProxy        : Securing GET /api/project/create
2024-10-23T09:49:41.683+07:00 DEBUG 48693 --- [project-management] [http-nio-8000-exec-8] w.c.HttpSessionSecurityContextRepository : Retrieved SecurityContextImpl [Authentication=UsernamePasswordAuthenticationToken [Principal=org.springframework.security.core.userdetails.User [Username=member, Password=[PROTECTED], Enabled=true, AccountNonExpired=true, CredentialsNonExpired=true, AccountNonLocked=true, Granted Authorities=[ROLE_MEMBER]], Credentials=[PROTECTED], Authenticated=true, Details=WebAuthenticationDetails [RemoteIpAddress=127.0.0.1, SessionId=08CD09788F710EC5F1EA369FD4E0DBB4], Granted Authorities=[ROLE_MEMBER]]]
2024-10-23T09:49:41.684+07:00 DEBUG 48693 --- [project-management] [http-nio-8000-exec-8] o.s.security.web.FilterChainProxy        : Secured GET /api/project/create
2024-10-23T09:49:41.685+07:00 DEBUG 48693 --- [project-management] [http-nio-8000-exec-8] horizationManagerBeforeMethodInterceptor : Authorizing method invocation ReflectiveMethodInvocation: public java.lang.String com.projectmanagement.project_management.controller.ProjectController.createTask(); target is of class [com.projectmanagement.project_management.controller.ProjectController]
2024-10-23T09:49:41.689+07:00 DEBUG 48693 --- [project-management] [http-nio-8000-exec-8] horizationManagerBeforeMethodInterceptor : Failed to authorize ReflectiveMethodInvocation: public java.lang.String com.projectmanagement.project_management.controller.ProjectController.createTask(); target is of class [com.projectmanagement.project_management.controller.ProjectController] with authorization manager org.springframework.security.authorization.method.Jsr250AuthorizationManager@774ce27b and decision AuthorityAuthorizationDecision [granted=false, authorities=[ROLE_LEADER]]
2024-10-23T09:49:41.692+07:00 DEBUG 48693 --- [project-management] [http-nio-8000-exec-8] o.s.s.w.access.AccessDeniedHandlerImpl   : Responding with 403 status code
2024-10-23T09:49:41.693+07:00 DEBUG 48693 --- [project-management] [http-nio-8000-exec-8] o.s.security.web.FilterChainProxy        : Securing GET /error
2024-10-23T09:49:41.694+07:00 DEBUG 48693 --- [project-management] [http-nio-8000-exec-8] w.c.HttpSessionSecurityContextRepository : Retrieved SecurityContextImpl [Authentication=UsernamePasswordAuthenticationToken [Principal=org.springframework.security.core.userdetails.User [Username=member, Password=[PROTECTED], Enabled=true, AccountNonExpired=true, CredentialsNonExpired=true, AccountNonLocked=true, Granted Authorities=[ROLE_MEMBER]], Credentials=[PROTECTED], Authenticated=true, Details=WebAuthenticationDetails [RemoteIpAddress=127.0.0.1, SessionId=08CD09788F710EC5F1EA369FD4E0DBB4], Granted Authorities=[ROLE_MEMBER]]]
2024-10-23T09:49:41.694+07:00 DEBUG 48693 --- [project-management] [http-nio-8000-exec-8] o.s.security.web.FilterChainProxy        : Secured GET /error
2024-10-23T09:49:59.547+07:00  INFO 48693 --- [project-management] [SpringApplicationShutdownHook] j.LocalContainerEntityManagerFactoryBean : Closing JPA EntityManagerFactory for persistence unit 'default'
2024-10-23T09:49:59.550+07:00  INFO 48693 --- [project-management] [SpringApplicationShutdownHook] com.zaxxer.hikari.HikariDataSource       : HikariPool-1 - Shutdown initiated...
2024-10-23T09:49:59.553+07:00  INFO 48693 --- [project-management] [SpringApplicationShutdownHook] com.zaxxer.hikari.HikariDataSource       : HikariPool-1 - Shutdown completed.
